[{"message":"","timestamp":"2026-02-03T00:45:52.972515086Z"},{"message":"\u001b[35m[Region: us-east4]\u001b[0m","timestamp":"2026-02-03T00:45:55.373072985Z"},{"message":"\u001b[35m=========================","timestamp":"2026-02-03T00:45:55.464195329Z"},{"message":"Using Detected Dockerfile","timestamp":"2026-02-03T00:45:55.464641896Z"},{"message":"=========================","timestamp":"2026-02-03T00:45:55.464975226Z"},{"message":"\u001b[0m","timestamp":"2026-02-03T00:45:55.465226606Z"},{"message":"context: trvd-ke8B","timestamp":"2026-02-03T00:45:55.465518330Z"},{"message":"[internal] load build definition from Dockerfile","timestamp":"2026-02-03T00:45:55.795147252Z"},{"message":"[internal] load build definition from Dockerfile","timestamp":"2026-02-03T00:45:55.795793887Z"},{"message":"[internal] load build definition from Dockerfile","timestamp":"2026-02-03T00:45:55.795844038Z"},{"message":"[internal] load build definition from Dockerfile","timestamp":"2026-02-03T00:45:55.825898417Z"},{"message":"[internal] load metadata for docker.io/library/node:25-bookworm","timestamp":"2026-02-03T00:45:55.830993187Z"},{"message":"[internal] load metadata for docker.io/library/node:25-bookworm","timestamp":"2026-02-03T00:45:56.152477197Z"},{"message":"[internal] load .dockerignore","timestamp":"2026-02-03T00:45:56.152738352Z"},{"message":"[internal] load .dockerignore","timestamp":"2026-02-03T00:45:56.152911240Z"},{"message":"[internal] load .dockerignore","timestamp":"2026-02-03T00:45:56.153555101Z"},{"message":"[internal] load .dockerignore","timestamp":"2026-02-03T00:45:56.170963029Z"},{"message":"[ 8/11] COPY scripts ./scripts","timestamp":"2026-02-03T00:45:56.179961503Z"},{"message":"[ 7/11] COPY patches ./patches","timestamp":"2026-02-03T00:45:56.180030619Z"},{"message":"[ 6/11] COPY package.json pnpm-lock.yaml .npmrc ./","timestamp":"2026-02-03T00:45:56.180047524Z"},{"message":"[internal] load build context","timestamp":"2026-02-03T00:45:56.180065851Z"},{"message":"[ 5/11] RUN if [ -n \"\" ]; then   apt-get update &&   DEBIAN_FRONTEND=noninteractive apt-get install -y --no-install-recommends  &&   apt-get clean &&   rm -rf /var/lib/apt/lists/* /var/cache/apt/archives/*;   fi","timestamp":"2026-02-03T00:45:56.180079620Z"},{"message":"[ 4/11] WORKDIR /app","timestamp":"2026-02-03T00:45:56.180098354Z"},{"message":"[ 3/11] RUN npm install -g pnpm@latest","timestamp":"2026-02-03T00:45:56.180109834Z"},{"message":"[ 2/11] RUN curl -fsSL https://bun.sh/install | bash","timestamp":"2026-02-03T00:45:56.180121355Z"},{"message":"[ 1/11] FROM docker.io/library/node:25-bookworm@sha256:e6b32434aba48dcb8730d56de2df3d137de213f1f527a922a6bf7b2853a24e86","timestamp":"2026-02-03T00:45:56.180131059Z"},{"message":"[11/11] RUN pnpm build","timestamp":"2026-02-03T00:45:56.180162359Z"},{"message":"[10/11] COPY . .","timestamp":"2026-02-03T00:45:56.180175486Z"},{"message":"[ 9/11] RUN pnpm install --no-frozen-lockfile","timestamp":"2026-02-03T00:45:56.180184750Z"},{"message":"[internal] load build context","timestamp":"2026-02-03T00:45:56.180267696Z"},{"message":"[ 1/11] FROM docker.io/library/node:25-bookworm@sha256:e6b32434aba48dcb8730d56de2df3d137de213f1f527a922a6bf7b2853a24e86","timestamp":"2026-02-03T00:45:56.180282134Z"},{"message":"[ 1/11] FROM docker.io/library/node:25-bookworm@sha256:e6b32434aba48dcb8730d56de2df3d137de213f1f527a922a6bf7b2853a24e86","timestamp":"2026-02-03T00:45:56.188574557Z"},{"message":"[ 1/11] FROM docker.io/library/node:25-bookworm@sha256:e6b32434aba48dcb8730d56de2df3d137de213f1f527a922a6bf7b2853a24e86","timestamp":"2026-02-03T00:45:56.188951666Z"},{"message":"[ 1/11] FROM docker.io/library/node:25-bookworm@sha256:e6b32434aba48dcb8730d56de2df3d137de213f1f527a922a6bf7b2853a24e86","timestamp":"2026-02-03T00:45:56.189157223Z"},{"message":"[internal] load build context","timestamp":"2026-02-03T00:45:56.189269251Z"},{"message":"[ 1/11] FROM docker.io/library/node:25-bookworm@sha256:e6b32434aba48dcb8730d56de2df3d137de213f1f527a922a6bf7b2853a24e86","timestamp":"2026-02-03T00:45:56.255568229Z"},{"message":"[ 1/11] FROM docker.io/library/node:25-bookworm@sha256:e6b32434aba48dcb8730d56de2df3d137de213f1f527a922a6bf7b2853a24e86","timestamp":"2026-02-03T00:45:56.258725847Z"},{"message":"[internal] load build context","timestamp":"2026-02-03T00:45:57.443655985Z"},{"message":"[ 2/11] RUN curl -fsSL https://bun.sh/install | bash","timestamp":"2026-02-03T00:46:13.010610345Z"},{"message":"#=#=#                                                                         \r","timestamp":"2026-02-03T00:46:13.483427224Z"},{"message":"\r########################################################                  78.1%","timestamp":"2026-02-03T00:46:13.582830479Z"},{"message":"\r######################################################################## 100.0%","timestamp":"2026-02-03T00:46:13.606768714Z"},{"message":"\n","timestamp":"2026-02-03T00:46:13.606798032Z"},{"message":"bun was installed successfully to ~/.bun/bin/bun \n","timestamp":"2026-02-03T00:46:14.741041251Z"},{"message":"\n","timestamp":"2026-02-03T00:46:14.743003901Z"},{"message":"Added \"~/.bun/bin\" to $PATH in \"~/.bashrc\" \n\n","timestamp":"2026-02-03T00:46:14.75862691Z"},{"message":"To get started, run: \n\n","timestamp":"2026-02-03T00:46:14.758679096Z"},{"message":"  source /root/.bashrc \n","timestamp":"2026-02-03T00:46:14.758757563Z"},{"message":"  bun --help \n","timestamp":"2026-02-03T00:46:14.758789774Z"},{"message":"[ 2/11] RUN curl -fsSL https://bun.sh/install | bash","timestamp":"2026-02-03T00:46:14.821606365Z"},{"message":"[ 3/11] RUN npm install -g pnpm@latest","timestamp":"2026-02-03T00:46:14.825542897Z"},{"message":"\nadded 1 package in 1s\n\n","timestamp":"2026-02-03T00:46:16.496120158Z"},{"message":"1 package is looking for funding\n","timestamp":"2026-02-03T00:46:16.496201633Z"},{"message":"  run `npm fund` for details\n","timestamp":"2026-02-03T00:46:16.496279495Z"},{"message":"[ 3/11] RUN npm install -g pnpm@latest","timestamp":"2026-02-03T00:46:16.659156182Z"},{"message":"[ 4/11] WORKDIR /app","timestamp":"2026-02-03T00:46:16.661699332Z"},{"message":"[ 4/11] WORKDIR /app","timestamp":"2026-02-03T00:46:16.700890159Z"},{"message":"[ 5/11] RUN if [ -n \"\" ]; then   apt-get update &&   DEBIAN_FRONTEND=noninteractive apt-get install -y --no-install-recommends  &&   apt-get clean &&   rm -rf /var/lib/apt/lists/* /var/cache/apt/archives/*;   fi","timestamp":"2026-02-03T00:46:16.702760534Z"},{"message":"[ 5/11] RUN if [ -n \"\" ]; then   apt-get update &&   DEBIAN_FRONTEND=noninteractive apt-get install -y --no-install-recommends  &&   apt-get clean &&   rm -rf /var/lib/apt/lists/* /var/cache/apt/archives/*;   fi","timestamp":"2026-02-03T00:46:16.826350421Z"},{"message":"[ 6/11] COPY package.json pnpm-lock.yaml .npmrc ./","timestamp":"2026-02-03T00:46:16.828918170Z"},{"message":"[ 6/11] COPY package.json pnpm-lock.yaml .npmrc ./","timestamp":"2026-02-03T00:46:16.903344991Z"},{"message":"[ 7/11] COPY patches ./patches","timestamp":"2026-02-03T00:46:16.905011545Z"},{"message":"[ 7/11] COPY patches ./patches","timestamp":"2026-02-03T00:46:16.922289214Z"},{"message":"[ 8/11] COPY scripts ./scripts","timestamp":"2026-02-03T00:46:16.924130823Z"},{"message":"[ 8/11] COPY scripts ./scripts","timestamp":"2026-02-03T00:46:16.999033259Z"},{"message":"[ 9/11] RUN pnpm install --no-frozen-lockfile","timestamp":"2026-02-03T00:46:17.001633031Z"},{"message":"Progress: resolved 0, reused 0, downloaded 1, added 0\n","timestamp":"2026-02-03T00:46:17.902749748Z"},{"message":"Progress: resolved 88, reused 0, downloaded 68, added 0\n","timestamp":"2026-02-03T00:46:18.904380648Z"},{"message":"Packages are hard linked from the content-addressable store to the virtual store.\n  Content-addressable store is at: /root/.local/share/pnpm/store/v10\n  Virtual store is at:             node_modules/.pnpm\n","timestamp":"2026-02-03T00:46:19.838238602Z"},{"message":"Progress: resolved 355, reused 0, downloaded 323, added 0\n","timestamp":"2026-02-03T00:46:19.922399754Z"},{"message":"Progress: resolved 532, reused 0, downloaded 429, added 0\n","timestamp":"2026-02-03T00:46:20.935051706Z"},{"message":"Progress: resolved 702, reused 0, downloaded 601, added 0\n","timestamp":"2026-02-03T00:46:21.972706852Z"},{"message":" WARN  deprecated request@2.88.2: request has been deprecated, see https://github.com/request/request/issues/3142\n","timestamp":"2026-02-03T00:46:22.116453903Z"},{"message":"Progress: resolved 758, reused 0, downloaded 651, added 0\n","timestamp":"2026-02-03T00:46:22.973149459Z"},{"message":"Progress: resolved 760, reused 0, downloaded 656, added 0\n","timestamp":"2026-02-03T00:46:23.973825997Z"},{"message":" WARN  3 deprecated subdependencies found: har-validator@5.1.5, node-domexception@1.0.0, uuid@3.4.0\n","timestamp":"2026-02-03T00:46:24.294737067Z"},{"message":"Packages: +657\n++++++++++++++++++++++++++++++++++++++++++++++++++++++++++++++++++++++++++++++++\n","timestamp":"2026-02-03T00:46:24.334047392Z"},{"message":"Progress: resolved 761, reused 0, downloaded 656, added 632\n","timestamp":"2026-02-03T00:46:24.974600028Z"},{"message":"Progress: resolved 761, reused 0, downloaded 657, added 657, done\n","timestamp":"2026-02-03T00:46:25.032427206Z"},{"message":"\ndependencies:\n+ @agentclientprotocol/sdk 0.13.1\n+ @anthropic-ai/sdk 0.71.2\n+ @clack/prompts 1.0.0\n+ @grammyjs/types 3.23.0\n+ @mariozechner/pi-agent-core 0.51.1\n+ @mariozechner/pi-ai 0.51.1\n+ @mariozechner/pi-coding-agent 0.51.1\n+ @sinclair/typebox 0.34.48\n+ @whiskeysockets/baileys 7.0.0-rc.9\n+ ajv 8.17.1\n+ better-sqlite3 12.6.2\n+ chalk 5.6.2\n+ chokidar 5.0.0\n+ commander 14.0.2\n+ croner 9.1.0\n+ dotenv 17.2.3\n+ ethers 6.16.0\n+ express 5.2.1\n+ grammy 1.39.3\n+ hono 4.11.7\n+ node-telegram-bot-api 0.67.0\n+ proper-lockfile 4.1.2\n+ sharp 0.34.5\n+ tslog 4.10.2\n+ ws 8.19.0\n+ zod 4.3.6\n\ndevDependencies:\n+ @types/better-sqlite3 7.6.13\n+ @types/node 25.0.10\n+ @types/node-telegram-bot-api 0.64.13\n+ @types/ws 8.18.1\n+ oxlint 1.41.0\n+ oxlint-tsgolint 0.11.4\n+ tsx 4.21.0\n+ typescript 5.9.3\n+ vitest 4.0.18\n\n","timestamp":"2026-02-03T00:46:25.526623179Z"},{"message":"╭ Warning ─────────────────────────────────────────────────────────────────────╮\n│                                                                              │\n│   Ignored build scripts: @whiskeysockets/baileys@7.0.0-rc.9,                 │\n│   better-sqlite3@12.6.2, esbuild@0.27.2, protobufjs@6.8.8,                   │\n│   protobufjs@7.5.4, sharp@0.34.5.                                            │\n│   Run \"pnpm approve-builds\" to pick which dependencies should be allowed     │\n│   to run scripts.                                                            │\n│                                                                              │\n╰──────────────────────────────────────────────────────────────────────────────╯\n","timestamp":"2026-02-03T00:46:25.530500375Z"},{"message":"Done in 8.4s using pnpm v10.28.2\n","timestamp":"2026-02-03T00:46:25.604170164Z"},{"message":"[ 9/11] RUN pnpm install --no-frozen-lockfile","timestamp":"2026-02-03T00:46:26.242424913Z"},{"message":"[10/11] COPY . .","timestamp":"2026-02-03T00:46:26.245800497Z"},{"message":"[10/11] COPY . .","timestamp":"2026-02-03T00:46:27.718871739Z"},{"message":"[11/11] RUN pnpm build","timestamp":"2026-02-03T00:46:27.722102789Z"},{"message":"\n> moltbot@2026.1.26 build /app\n> tsc -p tsconfig.json && node --import tsx scripts/copy-hook-metadata.ts && node --import tsx scripts/write-build-info.ts\n\n","timestamp":"2026-02-03T00:46:28.174642233Z"},{"message":"src/agents/bedrock-discovery.ts(5,8): error TS2307: Cannot find module '@aws-sdk/client-bedrock' or its corresponding type declarations.\n","timestamp":"2026-02-03T00:46:43.978258675Z"},{"message":"src/agents/context.ts(13,13): error TS2339: Property 'discoverAuthStorage' does not exist on type 'typeof import(\"/app/node_modules/.pnpm/@mariozechner+pi-coding-agent@0.51.1_ws@8.19.0_zod@4.3.6/node_modules/@mariozechner/pi-coding-agent/dist/index\", { with: { \"resolution-mode\": \"import\" } })'.\nsrc/agents/context.ts(13,34): error TS2339: Property 'discoverModels' does not exist on type 'typeof import(\"/app/node_modules/.pnpm/@mariozechner+pi-coding-agent@0.51.1_ws@8.19.0_zod@4.3.6/node_modules/@mariozechner/pi-coding-agent/dist/index\", { with: { \"resolution-mode\": \"import\" } })'.\n","timestamp":"2026-02-03T00:46:43.978419731Z"},{"message":"src/agents/model-catalog.ts(67,33): error TS2339: Property 'discoverAuthStorage' does not exist on type 'typeof import(\"/app/node_modules/.pnpm/@mariozechner+pi-coding-agent@0.51.1_ws@8.19.0_zod@4.3.6/node_modules/@mariozechner/pi-coding-agent/dist/index\", { with: { \"resolution-mode\": \"import\" } })'.\nsrc/agents/model-catalog.ts(68,30): error TS2339: Property 'discoverModels' does not exist on type 'typeof import(\"/app/node_modules/.pnpm/@mariozechner+pi-coding-agent@0.51.1_ws@8.19.0_zod@4.3.6/node_modules/@mariozechner/pi-coding-agent/dist/index\", { with: { \"resolution-mode\": \"import\" } })'.\n","timestamp":"2026-02-03T00:46:43.978430008Z"},{"message":"src/agents/pi-embedded-runner/compact.ts(19,44): error TS2307: Cannot find module '../../signal/reaction-level.js' or its corresponding type declarations.\nsrc/agents/pi-embedded-runner/compact.ts(394,9): error TS2353: Object literal may only specify known properties, and 'systemPrompt' does not exist in type 'CreateAgentSessionOptions'.\n","timestamp":"2026-02-03T00:46:43.978502622Z"},{"message":"src/agents/pi-embedded-runner/model.ts(2,10): error TS2305: Module '\"@mariozechner/pi-coding-agent\"' has no exported member 'discoverAuthStorage'.\nsrc/agents/pi-embedded-runner/model.ts(2,31): error TS2305: Module '\"@mariozechner/pi-coding-agent\"' has no exported member 'discoverModels'.\n","timestamp":"2026-02-03T00:46:43.978541671Z"},{"message":"src/agents/pi-embedded-runner/run/attempt.ts(18,44): error TS2307: Cannot find module '../../../signal/reaction-level.js' or its corresponding type declarations.\nsrc/agents/pi-embedded-runner/run/attempt.ts(457,9): error TS2353: Object literal may only specify known properties, and 'systemPrompt' does not exist in type 'CreateAgentSessionOptions'.\n","timestamp":"2026-02-03T00:46:43.978678402Z"},{"message":"src/agents/pi-embedded-runner/run/types.ts(3,15): error TS2305: Module '\"@mariozechner/pi-coding-agent\"' has no exported member 'discoverAuthStorage'.\n","timestamp":"2026-02-03T00:46:43.978691456Z"},{"message":"src/agents/pi-embedded-runner/run/types.ts(3,36): error TS2305: Module '\"@mariozechner/pi-coding-agent\"' has no exported member 'discoverModels'.\n","timestamp":"2026-02-03T00:46:43.978709325Z"},{"message":"src/agents/pi-tool-definition-adapter.ts(27,3): error TS2322: Type '{ name: string; label: string; description: string; parameters: any; execute: (toolCallId: string, params: unknown, onUpdate: AgentToolUpdateCallback<unknown> | undefined, _ctx: AgentToolUpdateCallback<...> | undefined, signal: ExtensionContext) => Promise<...>; }[]' is not assignable to type 'ToolDefinition<TSchema, unknown>[]'.\n  Type '{ name: string; label: string; description: string; parameters: any; execute: (toolCallId: string, params: unknown, onUpdate: AgentToolUpdateCallback<unknown> | undefined, _ctx: AgentToolUpdateCallback<...> | undefined, signal: ExtensionContext) => Promise<...>; }' is not assignable to type 'ToolDefinition<TSchema, unknown>'.\n    Types of property 'execute' are incompatible.\n      Type '(toolCallId: string, params: unknown, onUpdate: AgentToolUpdateCallback<unknown> | undefined, _ctx: AgentToolUpdateCallback<unknown> | undefined, signal: ExtensionContext) => Promise<...>' is not assignable to type '(toolCallId: string, params: unknown, signal: AbortSignal | undefined, onUpdate: AgentToolUpdateCallback<unknown> | undefined, ctx: ExtensionContext) => Promise<...>'.\n        Types of parameters 'onUpdate' and 'signal' are incompatible.\n          Type 'AbortSignal | undefined' is not assignable to type 'AgentToolUpdateCallback<unknown> | undefined'.\n            Type 'AbortSignal' is not assignable to type 'AgentToolUpdateCallback<unknown>'.\n              Type 'AbortSignal' provides no match for the signature '(partialResult: AgentToolResult<unknown>): void'.\nsrc/agents/pi-tool-definition-adapter.ts(36,7): error TS2322: Type '(toolCallId: string, params: unknown, onUpdate: AgentToolUpdateCallback<unknown> | undefined, _ctx: AgentToolUpdateCallback<unknown> | undefined, signal: ExtensionContext) => Promise<...>' is not assignable to type '(toolCallId: string, params: unknown, signal: AbortSignal | undefined, onUpdate: AgentToolUpdateCallback<unknown> | undefined, ctx: ExtensionContext) => Promise<...>'.\n  Types of parameters 'onUpdate' and 'signal' are incompatible.\n    Type 'AbortSignal | undefined' is not assignable to type 'AgentToolUpdateCallback<unknown> | undefined'.\n      Type 'AbortSignal' is not assignable to type 'AgentToolUpdateCallback<unknown>'.\n        Type 'AbortSignal' provides no match for the signature '(partialResult: AgentToolResult<unknown>): void'.\n","timestamp":"2026-02-03T00:46:43.978766596Z"},{"message":"src/agents/pi-tool-definition-adapter.ts(46,57): error TS2345: Argument of type 'ExtensionContext' is not assignable to parameter of type 'AbortSignal'.\n  Type 'ExtensionContext' is missing the following properties from type 'AbortSignal': aborted, onabort, reason, throwIfAborted, and 3 more.\n","timestamp":"2026-02-03T00:46:43.978789617Z"},{"message":"src/agents/pi-tool-definition-adapter.ts(48,23): error TS2551: Property 'aborted' does not exist on type 'ExtensionContext'. Did you mean 'abort'?\n","timestamp":"2026-02-03T00:46:43.978798866Z"},{"message":"src/agents/pi-tool-definition-adapter.ts(76,3): error TS2322: Type '{ name: string; label: string; description: string; parameters: any; execute: (toolCallId: string, params: unknown, _onUpdate: AgentToolUpdateCallback<unknown> | undefined, _ctx: AgentToolUpdateCallback<...> | undefined, _signal: ExtensionContext) => Promise<...>; }[]' is not assignable to type 'ToolDefinition<TSchema, unknown>[]'.\n  Type '{ name: string; label: string; description: string; parameters: any; execute: (toolCallId: string, params: unknown, _onUpdate: AgentToolUpdateCallback<unknown> | undefined, _ctx: AgentToolUpdateCallback<...> | undefined, _signal: ExtensionContext) => Promise<...>; }' is not assignable to type 'ToolDefinition<TSchema, unknown>'.\n    Types of property 'execute' are incompatible.\n      Type '(toolCallId: string, params: unknown, _onUpdate: AgentToolUpdateCallback<unknown> | undefined, _ctx: AgentToolUpdateCallback<unknown> | undefined, _signal: ExtensionContext) => Promise<...>' is not assignable to type '(toolCallId: string, params: unknown, signal: AbortSignal | undefined, onUpdate: AgentToolUpdateCallback<unknown> | undefined, ctx: ExtensionContext) => Promise<...>'.\n        Types of parameters '_onUpdate' and 'signal' are incompatible.\n          Type 'AbortSignal | undefined' is not assignable to type 'AgentToolUpdateCallback<unknown> | undefined'.\n            Type 'AbortSignal' is not assignable to type 'AgentToolUpdateCallback<unknown>'.\n              Type 'AbortSignal' provides no match for the signature '(partialResult: AgentToolResult<unknown>): void'.\n","timestamp":"2026-02-03T00:46:43.978827355Z"},{"message":"src/agents/pi-tool-definition-adapter.ts(83,7): error TS2322: Type '(toolCallId: string, params: unknown, _onUpdate: AgentToolUpdateCallback<unknown> | undefined, _ctx: AgentToolUpdateCallback<unknown> | undefined, _signal: ExtensionContext) => Promise<...>' is not assignable to type '(toolCallId: string, params: unknown, signal: AbortSignal | undefined, onUpdate: AgentToolUpdateCallback<unknown> | undefined, ctx: ExtensionContext) => Promise<...>'.\n  Types of parameters '_onUpdate' and 'signal' are incompatible.\n    Type 'AbortSignal | undefined' is not assignable to type 'AgentToolUpdateCallback<unknown> | undefined'.\n      Type 'AbortSignal' is not assignable to type 'AgentToolUpdateCallback<unknown>'.\n        Type 'AbortSignal' provides no match for the signature '(partialResult: AgentToolResult<unknown>): void'.\n","timestamp":"2026-02-03T00:46:43.978849669Z"},{"message":"src/agents/skills/frontmatter.ts(1,19): error TS2307: Cannot find module 'json5' or its corresponding type declarations.\n","timestamp":"2026-02-03T00:46:43.978902989Z"},{"message":"src/agents/tools/image-tool.ts(11,10): error TS2305: Module '\"@mariozechner/pi-coding-agent\"' has no exported member 'discoverAuthStorage'.\n","timestamp":"2026-02-03T00:46:43.978937021Z"},{"message":"src/agents/tools/image-tool.ts(11,31): error TS2305: Module '\"@mariozechner/pi-coding-agent\"' has no exported member 'discoverModels'.\n","timestamp":"2026-02-03T00:46:43.978944703Z"},{"message":"src/agents/tools/web-fetch-utils.ts(94,14): error TS2307: Cannot find module '@mozilla/readability' or its corresponding type declarations.\n","timestamp":"2026-02-03T00:46:43.978969389Z"},{"message":"src/agents/tools/web-fetch-utils.ts(95,14): error TS2307: Cannot find module 'linkedom' or its corresponding type declarations.\n","timestamp":"2026-02-03T00:46:43.978979442Z"},{"message":"src/agents/tools/web-fetch.ts(10,33): error TS2307: Cannot find module 'undici' or its corresponding type declarations.\n","timestamp":"2026-02-03T00:46:43.979004293Z"},{"message":"src/automations/scheduler.ts(1,18): error TS2307: Cannot find module 'node-cron' or its corresponding type declarations.\n","timestamp":"2026-02-03T00:46:43.97901198Z"},{"message":"src/browser/bridge-server.ts(3,21): error TS7016: Could not find a declaration file for module 'express'. '/app/node_modules/.pnpm/express@5.2.1/node_modules/express/index.js' implicitly has an 'any' type.\n  Try `npm i --save-dev @types/express` if it exists or add a new declaration (.d.ts) file containing `declare module 'express';`\n","timestamp":"2026-02-03T00:46:43.979053512Z"},{"message":"src/browser/bridge-server.ts(36,14): error TS7006: Parameter 'req' implicitly has an 'any' type.\n","timestamp":"2026-02-03T00:46:43.979063194Z"},{"message":"src/browser/bridge-server.ts(36,19): error TS7006: Parameter 'res' implicitly has an 'any' type.\n","timestamp":"2026-02-03T00:46:43.979084958Z"},{"message":"src/browser/bridge-server.ts(36,24): error TS7006: Parameter 'next' implicitly has an 'any' type.\nsrc/browser/pw-session.ts(8,8): error TS2307: Cannot find module 'playwright-core' or its corresponding type declarations.\n","timestamp":"2026-02-03T00:46:43.979098866Z"},{"message":"src/browser/pw-session.ts(9,26): error TS2307: Cannot find module 'playwright-core' or its corresponding type declarations.\n","timestamp":"2026-02-03T00:46:43.979104205Z"},{"message":"src/browser/pw-session.ts(267,23): error TS7006: Parameter 'page' implicitly has an 'any' type.\nsrc/browser/pw-session.ts(325,35): error TS7006: Parameter 'c' implicitly has an 'any' type.\n","timestamp":"2026-02-03T00:46:43.979131392Z"},{"message":"src/browser/pw-tools-core.downloads.ts(5,27): error TS2307: Cannot find module 'playwright-core' or its corresponding type declarations.\n","timestamp":"2026-02-03T00:46:43.979136504Z"},{"message":"src/browser/pw-tools-core.downloads.ts(84,18): error TS7006: Parameter 'fileChooser' implicitly has an 'any' type.\n","timestamp":"2026-02-03T00:46:43.979141397Z"},{"message":"src/browser/pw-tools-core.downloads.ts(102,33): error TS7006: Parameter 'el' implicitly has an 'any' type.\n","timestamp":"2026-02-03T00:46:43.97915726Z"},{"message":"src/browser/pw-tools-core.downloads.ts(132,18): error TS7006: Parameter 'dialog' implicitly has an 'any' type.\n","timestamp":"2026-02-03T00:46:43.979162297Z"},{"message":"src/browser/pw-tools-core.interactions.ts(429,28): error TS7006: Parameter 'labels' implicitly has an 'any' type.\n","timestamp":"2026-02-03T00:46:43.979178629Z"},{"message":"src/browser/pw-tools-core.interactions.ts(522,30): error TS7006: Parameter 'el' implicitly has an 'any' type.\n","timestamp":"2026-02-03T00:46:43.979195446Z"},{"message":"src/browser/pw-tools-core.snapshot.ts(1,27): error TS2307: Cannot find module 'playwright-core' or its corresponding type declarations.\nsrc/browser/pw-tools-core.state.ts(1,39): error TS2307: Cannot find module 'playwright-core' or its corresponding type declarations.\nsrc/browser/pw-tools-core.state.ts(2,46): error TS2307: Cannot find module 'playwright-core' or its corresponding type declarations.\nsrc/browser/pw-tools-core.storage.ts(68,14): error TS7031: Binding element 'kind2' implicitly has an 'any' type.\nsrc/browser/pw-tools-core.storage.ts(68,26): error TS7031: Binding element 'key2' implicitly has an 'any' type.\n","timestamp":"2026-02-03T00:46:43.979313966Z"},{"message":"src/browser/pw-tools-core.storage.ts(100,8): error TS7031: Binding element 'kind' implicitly has an 'any' type.\nsrc/browser/pw-tools-core.storage.ts(100,19): error TS7031: Binding element 'k' implicitly has an 'any' type.\nsrc/browser/pw-tools-core.storage.ts(100,22): error TS7031: Binding element 'value' implicitly has an 'any' type.\nsrc/browser/pw-tools-core.storage.ts(116,8): error TS7031: Binding element 'kind' implicitly has an 'any' type.\n","timestamp":"2026-02-03T00:46:43.979339274Z"},{"message":"src/browser/server.ts(2,21): error TS7016: Could not find a declaration file for module 'express'. '/app/node_modules/.pnpm/express@5.2.1/node_modules/express/index.js' implicitly has an 'any' type.\n  Try `npm i --save-dev @types/express` if it exists or add a new declaration (.d.ts) file containing `declare module 'express';`\n","timestamp":"2026-02-03T00:46:43.979346987Z"},{"message":"src/channels/plugins/actions/discord.ts(2,44): error TS2307: Cannot find module '../../../discord/accounts.js' or its corresponding type declarations.\nsrc/channels/plugins/actions/discord.ts(4,44): error TS2307: Cannot find module './discord/handle-action.js' or its corresponding type declarations.\n","timestamp":"2026-02-03T00:46:43.979351968Z"},{"message":"src/channels/plugins/actions/discord.ts(9,8): error TS7006: Parameter 'account' implicitly has an 'any' type.\nsrc/channels/plugins/actions/signal.ts(2,65): error TS2307: Cannot find module '../../../signal/accounts.js' or its corresponding type declarations.\n","timestamp":"2026-02-03T00:46:43.979380692Z"},{"message":"src/channels/plugins/actions/signal.ts(3,44): error TS2307: Cannot find module '../../../signal/reaction-level.js' or its corresponding type declarations.\n","timestamp":"2026-02-03T00:46:43.979393606Z"},{"message":"src/channels/plugins/actions/signal.ts(4,58): error TS2307: Cannot find module '../../../signal/send-reactions.js' or its corresponding type declarations.\nsrc/channels/plugins/actions/signal.ts(37,49): error TS7006: Parameter 'account' implicitly has an 'any' type.\n","timestamp":"2026-02-03T00:46:43.979438962Z"},{"message":"src/channels/plugins/actions/signal.ts(42,55): error TS7006: Parameter 'account' implicitly has an 'any' type.\n","timestamp":"2026-02-03T00:46:43.979444236Z"},{"message":"src/channels/plugins/normalize/discord.ts(1,36): error TS2307: Cannot find module '../../../discord/targets.js' or its corresponding type declarations.\n","timestamp":"2026-02-03T00:46:43.979460609Z"},{"message":"src/channels/plugins/normalize/slack.ts(1,34): error TS2307: Cannot find module '../../../slack/targets.js' or its corresponding type declarations.\n","timestamp":"2026-02-03T00:46:43.97947614Z"},{"message":"src/channels/plugins/onboarding/discord.ts(8,8): error TS2307: Cannot find module '../../../discord/accounts.js' or its corresponding type declarations.\n","timestamp":"2026-02-03T00:46:43.979499492Z"},{"message":"src/channels/plugins/onboarding/discord.ts(9,38): error TS2307: Cannot find module '../../../discord/monitor/allow-list.js' or its corresponding type declarations.\n","timestamp":"2026-02-03T00:46:43.97951978Z"},{"message":"src/channels/plugins/onboarding/discord.ts(10,45): error TS2307: Cannot find module '../../../discord/resolve-users.js' or its corresponding type declarations.\n","timestamp":"2026-02-03T00:46:43.979526691Z"},{"message":"src/channels/plugins/onboarding/discord.ts(14,8): error TS2307: Cannot find module '../../../discord/resolve-channels.js' or its corresponding type declarations.\n","timestamp":"2026-02-03T00:46:43.979531478Z"},{"message":"src/channels/plugins/onboarding/discord.ts(243,40): error TS7006: Parameter 'res' implicitly has an 'any' type.\nsrc/channels/plugins/onboarding/discord.ts(246,47): error TS7006: Parameter 'res' implicitly has an 'any' type.\n","timestamp":"2026-02-03T00:46:43.979572836Z"},{"message":"src/channels/plugins/onboarding/discord.ts(251,30): error TS7006: Parameter 'res' implicitly has an 'any' type.\n","timestamp":"2026-02-03T00:46:43.97958402Z"},{"message":"src/channels/plugins/onboarding/discord.ts(270,57): error TS7006: Parameter 'accountId' implicitly has an 'any' type.\n","timestamp":"2026-02-03T00:46:43.979605057Z"},{"message":"src/channels/plugins/onboarding/discord.ts(388,33): error TS2339: Property 'channels' does not exist on type '{}'.\n","timestamp":"2026-02-03T00:46:43.979616098Z"},{"message":"src/channels/plugins/onboarding/signal.ts(10,8): error TS2307: Cannot find module '../../../signal/accounts.js' or its corresponding type declarations.\n","timestamp":"2026-02-03T00:46:43.979630919Z"},{"message":"src/channels/plugins/onboarding/signal.ts(151,8): error TS7006: Parameter 'accountId' implicitly has an 'any' type.\n","timestamp":"2026-02-03T00:46:43.979638417Z"},{"message":"src/channels/plugins/onboarding/slack.ts(8,8): error TS2307: Cannot find module '../../../slack/accounts.js' or its corresponding type declarations.\n","timestamp":"2026-02-03T00:46:43.979664992Z"},{"message":"src/channels/plugins/onboarding/slack.ts(9,46): error TS2307: Cannot find module '../../../slack/resolve-channels.js' or its corresponding type declarations.\n","timestamp":"2026-02-03T00:46:43.97966952Z"},{"message":"src/channels/plugins/onboarding/slack.ts(10,43): error TS2307: Cannot find module '../../../slack/resolve-users.js' or its corresponding type declarations.\n","timestamp":"2026-02-03T00:46:43.979695119Z"},{"message":"src/channels/plugins/onboarding/slack.ts(293,40): error TS7006: Parameter 'res' implicitly has an 'any' type.\n","timestamp":"2026-02-03T00:46:43.97970542Z"},{"message":"src/channels/plugins/onboarding/slack.ts(296,47): error TS7006: Parameter 'res' implicitly has an 'any' type.\n","timestamp":"2026-02-03T00:46:43.97971558Z"},{"message":"src/channels/plugins/onboarding/slack.ts(301,30): error TS7006: Parameter 'res' implicitly has an 'any' type.\n","timestamp":"2026-02-03T00:46:43.979734449Z"},{"message":"src/channels/plugins/onboarding/slack.ts(320,55): error TS7006: Parameter 'accountId' implicitly has an 'any' type.\n","timestamp":"2026-02-03T00:46:43.979739427Z"},{"message":"src/channels/plugins/onboarding/slack.ts(476,39): error TS2339: Property 'allow' does not exist on type '{}'.\n","timestamp":"2026-02-03T00:46:43.97976807Z"},{"message":"src/channels/plugins/onboarding/slack.ts(476,65): error TS2339: Property 'enabled' does not exist on type '{}'.\n","timestamp":"2026-02-03T00:46:43.979789796Z"},{"message":"src/channels/plugins/onboarding/slack.ts(497,24): error TS7006: Parameter 'entry' implicitly has an 'any' type.\n","timestamp":"2026-02-03T00:46:43.979795322Z"},{"message":"src/channels/plugins/onboarding/slack.ts(498,21): error TS7006: Parameter 'entry' implicitly has an 'any' type.\n","timestamp":"2026-02-03T00:46:43.979815447Z"},{"message":"src/channels/plugins/onboarding/slack.ts(500,24): error TS7006: Parameter 'entry' implicitly has an 'any' type.\n","timestamp":"2026-02-03T00:46:43.979824293Z"},{"message":"src/channels/plugins/onboarding/slack.ts(501,21): error TS7006: Parameter 'entry' implicitly has an 'any' type.\n","timestamp":"2026-02-03T00:46:43.979840952Z"},{"message":"src/channels/plugins/onboarding/slack.ts(502,57): error TS7006: Parameter 'entry' implicitly has an 'any' type.\n","timestamp":"2026-02-03T00:46:43.979853423Z"},{"message":"src/cli/config-cli.ts(1,19): error TS2307: Cannot find module 'json5' or its corresponding type declarations.\n","timestamp":"2026-02-03T00:46:43.979869256Z"},{"message":"src/cli/exec-approvals-cli.ts(2,19): error TS2307: Cannot find module 'json5' or its corresponding type declarations.\n","timestamp":"2026-02-03T00:46:43.979891433Z"},{"message":"src/cli/neobot.ts(359,37): error TS2307: Cannot find module 'readline-sync' or its corresponding type declarations.\n","timestamp":"2026-02-03T00:46:43.979901815Z"},{"message":"src/commands/auth-choice.apply.oauth.ts(71,34): error TS2339: Property 'trim' does not exist on type '{}'.\n","timestamp":"2026-02-03T00:46:43.979915013Z"},{"message":"src/commands/models/list.registry.ts(2,10): error TS2305: Module '\"@mariozechner/pi-coding-agent\"' has no exported member 'discoverAuthStorage'.\n","timestamp":"2026-02-03T00:46:43.97993695Z"},{"message":"src/commands/models/list.registry.ts(2,31): error TS2305: Module '\"@mariozechner/pi-coding-agent\"' has no exported member 'discoverModels'.\n","timestamp":"2026-02-03T00:46:43.979952458Z"},{"message":"src/commands/setup.ts(3,19): error TS2307: Cannot find module 'json5' or its corresponding type declarations.\n","timestamp":"2026-02-03T00:46:43.979997867Z"},{"message":"src/config/includes.ts(16,19): error TS2307: Cannot find module 'json5' or its corresponding type declarations.\n","timestamp":"2026-02-03T00:46:43.980010011Z"},{"message":"src/config/io.ts(6,19): error TS2307: Cannot find module 'json5' or its corresponding type declarations.\n","timestamp":"2026-02-03T00:46:43.980014018Z"},{"message":"src/config/sessions/store.ts(5,19): error TS2307: Cannot find module 'json5' or its corresponding type declarations.\n","timestamp":"2026-02-03T00:46:43.980060166Z"},{"message":"src/config/types.channels.ts(3,37): error TS2307: Cannot find module './types.imessage.js' or its corresponding type declarations.\n","timestamp":"2026-02-03T00:46:43.980067679Z"},{"message":"src/config/types.ts(17,15): error TS2307: Cannot find module './types.imessage.js' or its corresponding type declarations.\n","timestamp":"2026-02-03T00:46:43.980096218Z"},{"message":"src/cron/store.ts(5,19): error TS2307: Cannot find module 'json5' or its corresponding type declarations.\n","timestamp":"2026-02-03T00:46:43.980120394Z"},{"message":"src/gateway/test-helpers.mocks.ts(239,24): error TS2339: Property 'discoverModels' does not exist on type 'typeof import(\"/app/node_modules/.pnpm/@mariozechner+pi-coding-agent@0.51.1_ws@8.19.0_zod@4.3.6/node_modules/@mariozechner/pi-coding-agent/dist/index\", { with: { \"resolution-mode\": \"import\" } })'.\n","timestamp":"2026-02-03T00:46:43.980134744Z"},{"message":"src/hooks/frontmatter.ts(1,19): error TS2307: Cannot find module 'json5' or its corresponding type declarations.\n","timestamp":"2026-02-03T00:46:43.980152031Z"},{"message":"src/infra/archive.ts(3,22): error TS2307: Cannot find module 'tar' or its corresponding type declarations.\n","timestamp":"2026-02-03T00:46:43.980167839Z"},{"message":"src/infra/archive.ts(4,19): error TS2307: Cannot find module 'jszip' or its corresponding type declarations.\n","timestamp":"2026-02-03T00:46:43.980188378Z"},{"message":"src/infra/archive.ts(70,23): error TS18046: 'entry' is of type 'unknown'.\n","timestamp":"2026-02-03T00:46:43.980193988Z"},{"message":"src/infra/archive.ts(74,59): error TS18046: 'entry' is of type 'unknown'.\n","timestamp":"2026-02-03T00:46:43.98021882Z"},{"message":"src/infra/archive.ts(82,57): error TS18046: 'entry' is of type 'unknown'.\n","timestamp":"2026-02-03T00:46:43.980225298Z"},{"message":"src/infra/archive.ts(85,24): error TS18046: 'entry' is of type 'unknown'.\n","timestamp":"2026-02-03T00:46:43.980242499Z"},{"message":"src/infra/bonjour.ts(87,51): error TS2307: Cannot find module '@homebridge/ciao' or its corresponding type declarations.\n","timestamp":"2026-02-03T00:46:43.980266096Z"},{"message":"src/infra/net/ssrf.ts(3,40): error TS2307: Cannot find module 'undici' or its corresponding type declarations.\n","timestamp":"2026-02-03T00:46:43.980273225Z"},{"message":"src/infra/retry-policy.ts(1,32): error TS2307: Cannot find module '@buape/carbon' or its corresponding type declarations.\n","timestamp":"2026-02-03T00:46:43.980293981Z"},{"message":"src/infra/retry-policy.ts(58,63): error TS18046: 'err' is of type 'unknown'.\n","timestamp":"2026-02-03T00:46:43.98032146Z"},{"message":"src/infra/scheduler/scheduler.ts(1,18): error TS2307: Cannot find module 'node-cron' or its corresponding type declarations.\n","timestamp":"2026-02-03T00:46:43.980329157Z"},{"message":"src/infra/state-migrations.fs.ts(3,19): error TS2307: Cannot find module 'json5' or its corresponding type declarations.\n","timestamp":"2026-02-03T00:46:43.980359887Z"},{"message":"src/line/auto-reply-delivery.ts(1,35): error TS2307: Cannot find module '@line/bot-sdk' or its corresponding type declarations.\n","timestamp":"2026-02-03T00:46:43.980363899Z"},{"message":"src/line/bot-handlers.ts(10,8): error TS2307: Cannot find module '@line/bot-sdk' or its corresponding type declarations.\n","timestamp":"2026-02-03T00:46:43.98038999Z"},{"message":"src/line/bot-message-context.ts(8,8): error TS2307: Cannot find module '@line/bot-sdk' or its corresponding type declarations.\n","timestamp":"2026-02-03T00:46:43.980408855Z"},{"message":"src/line/bot.ts(1,41): error TS2307: Cannot find module '@line/bot-sdk' or its corresponding type declarations.\n","timestamp":"2026-02-03T00:46:43.980414723Z"},{"message":"src/line/download.ts(4,30): error TS2307: Cannot find module '@line/bot-sdk' or its corresponding type declarations.\n","timestamp":"2026-02-03T00:46:43.98045872Z"},{"message":"src/line/flex-templates.ts(1,35): error TS2307: Cannot find module '@line/bot-sdk' or its corresponding type declarations.\n","timestamp":"2026-02-03T00:46:43.980476474Z"},{"message":"src/line/markdown-to-line.ts(1,35): error TS2307: Cannot find module '@line/bot-sdk' or its corresponding type declarations.\n","timestamp":"2026-02-03T00:46:43.980482993Z"},{"message":"src/line/monitor.ts(1,41): error TS2307: Cannot find module '@line/bot-sdk' or its corresponding type declarations.\n","timestamp":"2026-02-03T00:46:43.980507508Z"},{"message":"src/line/probe.ts(1,30): error TS2307: Cannot find module '@line/bot-sdk' or its corresponding type declarations.\n","timestamp":"2026-02-03T00:46:43.980512536Z"},{"message":"src/line/probe.ts(22,22): error TS18046: 'profile' is of type 'unknown'.\n","timestamp":"2026-02-03T00:46:43.980535798Z"},{"message":"src/line/probe.ts(23,17): error TS18046: 'profile' is of type 'unknown'.\n","timestamp":"2026-02-03T00:46:43.980541221Z"},{"message":"src/line/probe.ts(24,18): error TS18046: 'profile' is of type 'unknown'.\n","timestamp":"2026-02-03T00:46:43.980567825Z"},{"message":"src/line/probe.ts(25,21): error TS18046: 'profile' is of type 'unknown'.\n","timestamp":"2026-02-03T00:46:43.980576148Z"},{"message":"src/line/reply-chunks.ts(1,35): error TS2307: Cannot find module '@line/bot-sdk' or its corresponding type declarations.\n","timestamp":"2026-02-03T00:46:43.980594024Z"},{"message":"src/line/rich-menu.ts(1,30): error TS2307: Cannot find module '@line/bot-sdk' or its corresponding type declarations.\n","timestamp":"2026-02-03T00:46:43.980689765Z"},{"message":"src/line/send.ts(1,30): error TS2307: Cannot find module '@line/bot-sdk' or its corresponding type declarations.\n","timestamp":"2026-02-03T00:46:43.980724278Z"},{"message":"src/line/send.ts(251,13): error TS7006: Parameter 'err' implicitly has an 'any' type.\n","timestamp":"2026-02-03T00:46:43.980730014Z"},{"message":"src/line/send.ts(407,13): error TS7006: Parameter 'err' implicitly has an 'any' type.\n","timestamp":"2026-02-03T00:46:43.980743632Z"},{"message":"src/line/template-messages.ts(1,35): error TS2307: Cannot find module '@line/bot-sdk' or its corresponding type declarations.\nsrc/line/types.ts(9,8): error TS2307: Cannot find module '@line/bot-sdk' or its corresponding type declarations.\nsrc/line/webhook.ts(1,54): error TS7016: Could not find a declaration file for module 'express'. '/app/node_modules/.pnpm/express@5.2.1/node_modules/express/index.js' implicitly has an 'any' type.\n  Try `npm i --save-dev @types/express` if it exists or add a new declaration (.d.ts) file containing `declare module 'express';`\n","timestamp":"2026-02-03T00:46:43.980822045Z"},{"message":"src/line/webhook.ts(2,41): error TS2307: Cannot find module '@line/bot-sdk' or its corresponding type declarations.\n","timestamp":"2026-02-03T00:46:43.980826907Z"},{"message":"src/logging/config.ts(3,19): error TS2307: Cannot find module 'json5' or its corresponding type declarations.\n","timestamp":"2026-02-03T00:46:43.980869091Z"},{"message":"src/macos/gateway-daemon.ts(39,30): error TS2307: Cannot find module 'long' or its corresponding type declarations.\n","timestamp":"2026-02-03T00:46:43.980895967Z"},{"message":"src/macos/relay.ts(19,28): error TS2307: Cannot find module 'long' or its corresponding type declarations.\n","timestamp":"2026-02-03T00:46:43.980907879Z"},{"message":"src/markdown/frontmatter.ts(1,18): error TS2307: Cannot find module 'yaml' or its corresponding type declarations.\nsrc/markdown/ir.ts(1,24): error TS2307: Cannot find module 'markdown-it' or its corresponding type declarations.\n","timestamp":"2026-02-03T00:46:43.980976358Z"},{"message":"src/media-understanding/providers/image.ts(3,10): error TS2305: Module '\"@mariozechner/pi-coding-agent\"' has no exported member 'discoverAuthStorage'.\n","timestamp":"2026-02-03T00:46:43.98100107Z"},{"message":"src/media-understanding/providers/image.ts(3,31): error TS2305: Module '\"@mariozechner/pi-coding-agent\"' has no exported member 'discoverModels'.\n","timestamp":"2026-02-03T00:46:43.981004952Z"},{"message":"src/media/input-files.ts(7,33): error TS2307: Cannot find module 'undici' or its corresponding type declarations.\nsrc/media/mime.ts(3,36): error TS2307: Cannot find module 'file-type' or its corresponding type declarations.\n","timestamp":"2026-02-03T00:46:43.981054273Z"},{"message":"src/media/server.ts(3,39): error TS7016: Could not find a declaration file for module 'express'. '/app/node_modules/.pnpm/express@5.2.1/node_modules/express/index.js' implicitly has an 'any' type.\n  Try `npm i --save-dev @types/express` if it exists or add a new declaration (.d.ts) file containing `declare module 'express';`\n","timestamp":"2026-02-03T00:46:43.981063926Z"},{"message":"src/media/server.ts(29,32): error TS7006: Parameter 'req' implicitly has an 'any' type.\nsrc/media/server.ts(29,37): error TS7006: Parameter 'res' implicitly has an 'any' type.\n","timestamp":"2026-02-03T00:46:43.981091772Z"},{"message":"src/media/server.ts(93,27): error TS7006: Parameter 'err' implicitly has an 'any' type.\n","timestamp":"2026-02-03T00:46:43.981106063Z"},{"message":"src/memory/sqlite-vec.ts(8,36): error TS2307: Cannot find module 'sqlite-vec' or its corresponding type declarations.\n","timestamp":"2026-02-03T00:46:43.981140546Z"},{"message":"src/neo/registry/index.ts(1,44): error TS2307: Cannot find module 'kubo-rpc-client' or its corresponding type declarations.\n","timestamp":"2026-02-03T00:46:43.981146722Z"},{"message":"src/neo/registry/index.ts(4,22): error TS2307: Cannot find module 'glob' or its corresponding type declarations.\n","timestamp":"2026-02-03T00:46:43.981169873Z"},{"message":"src/neo/registry/lighthouse.ts(160,36): error TS2307: Cannot find module 'form-data' or its corresponding type declarations.\n","timestamp":"2026-02-03T00:46:43.981176028Z"},{"message":"src/neo/registry/pinata.ts(26,36): error TS2307: Cannot find module 'form-data' or its corresponding type declarations.\n","timestamp":"2026-02-03T00:46:43.981196812Z"},{"message":"src/plugins/loader.ts(4,28): error TS2307: Cannot find module 'jiti' or its corresponding type declarations.\n","timestamp":"2026-02-03T00:46:43.981210363Z"},{"message":"src/security/audit-extra.ts(4,19): error TS2307: Cannot find module 'json5' or its corresponding type declarations.\n","timestamp":"2026-02-03T00:46:43.981234267Z"},{"message":"src/security/fix.ts(4,19): error TS2307: Cannot find module 'json5' or its corresponding type declarations.\n","timestamp":"2026-02-03T00:46:43.981245992Z"},{"message":"src/telegram/monitor.ts(1,38): error TS2307: Cannot find module '@grammyjs/runner' or its corresponding type declarations.\nsrc/tui/commands.ts(1,35): error TS2307: Cannot find module '@mariozechner/pi-tui' or its corresponding type declarations.\n","timestamp":"2026-02-03T00:46:43.981267309Z"},{"message":"src/tui/commands.ts(55,32): error TS7006: Parameter 'prefix' implicitly has an 'any' type.\n","timestamp":"2026-02-03T00:46:43.981295243Z"},{"message":"src/tui/commands.ts(63,32): error TS7006: Parameter 'prefix' implicitly has an 'any' type.\nsrc/tui/commands.ts(72,32): error TS7006: Parameter 'prefix' implicitly has an 'any' type.\n","timestamp":"2026-02-03T00:46:43.981301357Z"},{"message":"src/tui/commands.ts(81,32): error TS7006: Parameter 'prefix' implicitly has an 'any' type.\nsrc/tui/commands.ts(90,32): error TS7006: Parameter 'prefix' implicitly has an 'any' type.\n","timestamp":"2026-02-03T00:46:43.981335442Z"},{"message":"src/tui/commands.ts(99,32): error TS7006: Parameter 'prefix' implicitly has an 'any' type.\n","timestamp":"2026-02-03T00:46:43.981348537Z"},{"message":"src/tui/commands.ts(108,32): error TS7006: Parameter 'prefix' implicitly has an 'any' type.\nsrc/tui/components/assistant-message.ts(1,45): error TS2307: Cannot find module '@mariozechner/pi-tui' or its corresponding type declarations.\n","timestamp":"2026-02-03T00:46:43.981377658Z"},{"message":"src/tui/components/assistant-message.ts(10,15): error TS7006: Parameter 'line' implicitly has an 'any' type.\n","timestamp":"2026-02-03T00:46:43.981391602Z"},{"message":"src/tui/components/assistant-message.ts(12,10): error TS2339: Property 'addChild' does not exist on type 'AssistantMessageComponent'.\n","timestamp":"2026-02-03T00:46:43.981405126Z"},{"message":"src/tui/components/assistant-message.ts(13,10): error TS2339: Property 'addChild' does not exist on type 'AssistantMessageComponent'.\n","timestamp":"2026-02-03T00:46:43.981430374Z"},{"message":"src/tui/components/chat-log.ts(1,41): error TS2307: Cannot find module '@mariozechner/pi-tui' or its corresponding type declarations.\n","timestamp":"2026-02-03T00:46:43.981459411Z"},{"message":"src/tui/components/chat-log.ts(13,10): error TS2339: Property 'clear' does not exist on type 'ChatLog'.\n","timestamp":"2026-02-03T00:46:43.981467228Z"},{"message":"src/tui/components/chat-log.ts(19,10): error TS2339: Property 'addChild' does not exist on type 'ChatLog'.\n","timestamp":"2026-02-03T00:46:43.981491703Z"},{"message":"src/tui/components/chat-log.ts(20,10): error TS2339: Property 'addChild' does not exist on type 'ChatLog'.\n","timestamp":"2026-02-03T00:46:43.981495923Z"},{"message":"src/tui/components/chat-log.ts(24,10): error TS2339: Property 'addChild' does not exist on type 'ChatLog'.\n","timestamp":"2026-02-03T00:46:43.981516488Z"},{"message":"src/tui/components/chat-log.ts(34,10): error TS2339: Property 'addChild' does not exist on type 'ChatLog'.\nsrc/tui/components/chat-log.ts(56,10): error TS2339: Property 'addChild' does not exist on type 'ChatLog'.\n","timestamp":"2026-02-03T00:46:43.981540428Z"},{"message":"src/tui/components/chat-log.ts(68,10): error TS2339: Property 'addChild' does not exist on type 'ChatLog'.\n","timestamp":"2026-02-03T00:46:43.981567271Z"},{"message":"src/tui/components/custom-editor.ts(8,8): error TS2307: Cannot find module '@mariozechner/pi-tui' or its corresponding type declarations.\nsrc/tui/components/custom-editor.ts(54,64): error TS2339: Property 'isShowingAutocomplete' does not exist on type 'CustomEditor'.\n","timestamp":"2026-02-03T00:46:43.981606626Z"},{"message":"src/tui/components/custom-editor.ts(63,16): error TS2339: Property 'getText' does not exist on type 'CustomEditor'.\n","timestamp":"2026-02-03T00:46:43.981613428Z"},{"message":"src/tui/components/filterable-select-list.ts(8,8): error TS2307: Cannot find module '@mariozechner/pi-tui' or its corresponding type declarations.\nsrc/tui/components/filterable-select-list.ts(9,32): error TS2307: Cannot find module '@mariozechner/pi-tui' or its corresponding type declarations.\nsrc/tui/components/searchable-select-list.ts(10,8): error TS2307: Cannot find module '@mariozechner/pi-tui' or its corresponding type declarations.\nsrc/tui/components/searchable-select-list.ts(172,29): error TS2339: Property 'noMatch' does not exist on type 'SearchableSelectListTheme'.\nsrc/tui/components/searchable-select-list.ts(197,29): error TS2339: Property 'scrollInfo' does not exist on type 'SearchableSelectListTheme'.\nsrc/tui/components/searchable-select-list.ts(225,44): error TS2339: Property 'description' does not exist on type 'SearchableSelectListTheme'.\n","timestamp":"2026-02-03T00:46:43.981744478Z"},{"message":"src/tui/components/searchable-select-list.ts(227,40): error TS2339: Property 'selectedText' does not exist on type 'SearchableSelectListTheme'.\n","timestamp":"2026-02-03T00:46:43.981761043Z"},{"message":"src/tui/components/searchable-select-list.ts(235,36): error TS2339: Property 'selectedText' does not exist on type 'SearchableSelectListTheme'.\n","timestamp":"2026-02-03T00:46:43.981765797Z"},{"message":"src/tui/components/selectors.ts(1,77): error TS2307: Cannot find module '@mariozechner/pi-tui' or its corresponding type declarations.\nsrc/tui/components/tool-execution.ts(1,56): error TS2307: Cannot find module '@mariozechner/pi-tui' or its corresponding type declarations.\n","timestamp":"2026-02-03T00:46:43.981812399Z"},{"message":"src/tui/components/tool-execution.ts(64,31): error TS7006: Parameter 'line' implicitly has an 'any' type.\nsrc/tui/components/tool-execution.ts(68,15): error TS7006: Parameter 'line' implicitly has an 'any' type.\n","timestamp":"2026-02-03T00:46:43.981844036Z"},{"message":"src/tui/components/tool-execution.ts(70,10): error TS2339: Property 'addChild' does not exist on type 'ToolExecutionComponent'.\n","timestamp":"2026-02-03T00:46:43.981852797Z"},{"message":"src/tui/components/tool-execution.ts(71,10): error TS2339: Property 'addChild' does not exist on type 'ToolExecutionComponent'.\nsrc/tui/components/tool-execution.ts(107,23): error TS7006: Parameter 'line' implicitly has an 'any' type.\n","timestamp":"2026-02-03T00:46:43.981883689Z"},{"message":"src/tui/components/user-message.ts(1,45): error TS2307: Cannot find module '@mariozechner/pi-tui' or its corresponding type declarations.\n","timestamp":"2026-02-03T00:46:43.981904882Z"},{"message":"src/tui/components/user-message.ts(10,17): error TS7006: Parameter 'line' implicitly has an 'any' type.\n","timestamp":"2026-02-03T00:46:43.981909087Z"},{"message":"src/tui/components/user-message.ts(11,15): error TS7006: Parameter 'line' implicitly has an 'any' type.\n","timestamp":"2026-02-03T00:46:43.98193828Z"},{"message":"src/tui/components/user-message.ts(13,10): error TS2339: Property 'addChild' does not exist on type 'UserMessageComponent'.\n","timestamp":"2026-02-03T00:46:43.981945663Z"},{"message":"src/tui/components/user-message.ts(14,10): error TS2339: Property 'addChild' does not exist on type 'UserMessageComponent'.\nsrc/tui/theme/theme.ts(6,8): error TS2307: Cannot find module '@mariozechner/pi-tui' or its corresponding type declarations.\nsrc/tui/theme/theme.ts(84,13): error TS7006: Parameter 'text' implicitly has an 'any' type.\n","timestamp":"2026-02-03T00:46:43.981986571Z"},{"message":"src/tui/theme/theme.ts(85,10): error TS7006: Parameter 'text' implicitly has an 'any' type.\n","timestamp":"2026-02-03T00:46:43.981992477Z"},{"message":"src/tui/theme/theme.ts(86,13): error TS7006: Parameter 'text' implicitly has an 'any' type.\nsrc/tui/theme/theme.ts(87,10): error TS7006: Parameter 'text' implicitly has an 'any' type.\nsrc/tui/theme/theme.ts(88,15): error TS7006: Parameter 'text' implicitly has an 'any' type.\n","timestamp":"2026-02-03T00:46:43.982060878Z"},{"message":"src/tui/theme/theme.ts(89,21): error TS7006: Parameter 'text' implicitly has an 'any' type.\nsrc/tui/theme/theme.ts(90,11): error TS7006: Parameter 'text' implicitly has an 'any' type.\n","timestamp":"2026-02-03T00:46:43.982087057Z"},{"message":"src/tui/theme/theme.ts(91,17): error TS7006: Parameter 'text' implicitly has an 'any' type.\n","timestamp":"2026-02-03T00:46:43.982107557Z"},{"message":"src/tui/theme/theme.ts(92,8): error TS7006: Parameter 'text' implicitly has an 'any' type.\nsrc/tui/theme/theme.ts(93,16): error TS7006: Parameter 'text' implicitly has an 'any' type.\n","timestamp":"2026-02-03T00:46:43.982126013Z"},{"message":"src/tui/theme/theme.ts(94,10): error TS7006: Parameter 'text' implicitly has an 'any' type.\nsrc/tui/theme/theme.ts(95,12): error TS7006: Parameter 'text' implicitly has an 'any' type.\n","timestamp":"2026-02-03T00:46:43.982148022Z"},{"message":"src/tui/theme/theme.ts(96,19): error TS7006: Parameter 'text' implicitly has an 'any' type.\n","timestamp":"2026-02-03T00:46:43.982161801Z"},{"message":"src/tui/theme/theme.ts(97,15): error TS7006: Parameter 'text' implicitly has an 'any' type.\n","timestamp":"2026-02-03T00:46:43.982165306Z"},{"message":"src/tui/theme/theme.ts(102,20): error TS7006: Parameter 'text' implicitly has an 'any' type.\n","timestamp":"2026-02-03T00:46:43.982189964Z"},{"message":"src/tui/theme/theme.ts(103,18): error TS7006: Parameter 'text' implicitly has an 'any' type.\n","timestamp":"2026-02-03T00:46:43.982197939Z"},{"message":"src/tui/theme/theme.ts(104,17): error TS7006: Parameter 'text' implicitly has an 'any' type.\nsrc/tui/theme/theme.ts(105,16): error TS7006: Parameter 'text' implicitly has an 'any' type.\nsrc/tui/theme/theme.ts(106,13): error TS7006: Parameter 'text' implicitly has an 'any' type.\nsrc/tui/theme/theme.ts(115,11): error TS7006: Parameter 'text' implicitly has an 'any' type.\n","timestamp":"2026-02-03T00:46:43.982245961Z"},{"message":"src/tui/theme/theme.ts(115,17): error TS7006: Parameter 'selected' implicitly has an 'any' type.\n","timestamp":"2026-02-03T00:46:43.982257389Z"},{"message":"src/tui/theme/theme.ts(117,11): error TS7006: Parameter 'text' implicitly has an 'any' type.\n","timestamp":"2026-02-03T00:46:43.982271731Z"},{"message":"src/tui/theme/theme.ts(117,17): error TS7006: Parameter 'selected' implicitly has an 'any' type.\n","timestamp":"2026-02-03T00:46:43.982280589Z"},{"message":"src/tui/theme/theme.ts(118,17): error TS7006: Parameter 'text' implicitly has an 'any' type.\n","timestamp":"2026-02-03T00:46:43.982315101Z"},{"message":"src/tui/theme/theme.ts(120,10): error TS7006: Parameter 'text' implicitly has an 'any' type.\nsrc/tui/theme/theme.ts(124,17): error TS7006: Parameter 'text' implicitly has an 'any' type.\n","timestamp":"2026-02-03T00:46:43.982321794Z"},{"message":"src/tui/theme/theme.ts(129,3): error TS2353: Object literal may only specify known properties, and 'selectedPrefix' does not exist in type 'SearchableSelectListTheme'.\n","timestamp":"2026-02-03T00:46:43.982343993Z"},{"message":"src/tui/theme/theme.ts(129,20): error TS7006: Parameter 'text' implicitly has an 'any' type.\n","timestamp":"2026-02-03T00:46:43.982409032Z"},{"message":"src/tui/theme/theme.ts(130,18): error TS7006: Parameter 'text' implicitly has an 'any' type.\nsrc/tui/theme/theme.ts(131,17): error TS7006: Parameter 'text' implicitly has an 'any' type.\nsrc/tui/theme/theme.ts(132,16): error TS7006: Parameter 'text' implicitly has an 'any' type.\n","timestamp":"2026-02-03T00:46:43.982462551Z"},{"message":"src/tui/theme/theme.ts(133,13): error TS7006: Parameter 'text' implicitly has an 'any' type.\n","timestamp":"2026-02-03T00:46:43.982468117Z"},{"message":"src/tui/tui-command-handlers.ts(1,37): error TS2307: Cannot find module '@mariozechner/pi-tui' or its corresponding type declarations.\n","timestamp":"2026-02-03T00:46:43.982492808Z"},{"message":"src/tui/tui-event-handlers.ts(1,26): error TS2307: Cannot find module '@mariozechner/pi-tui' or its corresponding type declarations.\n","timestamp":"2026-02-03T00:46:43.982500473Z"},{"message":"src/tui/tui-local-shell.ts(1,44): error TS2307: Cannot find module '@mariozechner/pi-tui' or its corresponding type declarations.\nsrc/tui/tui-local-shell.ts(54,28): error TS7006: Parameter 'item' implicitly has an 'any' type.\n","timestamp":"2026-02-03T00:46:43.982533191Z"},{"message":"src/tui/tui-overlays.ts(1,37): error TS2307: Cannot find module '@mariozechner/pi-tui' or its corresponding type declarations.\n","timestamp":"2026-02-03T00:46:43.98253996Z"},{"message":"src/tui/tui-session-actions.ts(1,26): error TS2307: Cannot find module '@mariozechner/pi-tui' or its corresponding type declarations.\nsrc/tui/tui.ts(8,8): error TS2307: Cannot find module '@mariozechner/pi-tui' or its corresponding type declarations.\n","timestamp":"2026-02-03T00:46:43.982590716Z"},{"message":"src/tui/tui.ts(246,12): error TS2339: Property 'setAutocompleteProvider' does not exist on type 'CustomEditor'.\nsrc/tui/tui.ts(325,8): error TS7006: Parameter 'spinner' implicitly has an 'any' type.\n","timestamp":"2026-02-03T00:46:43.982607912Z"},{"message":"src/tui/tui.ts(326,8): error TS7006: Parameter 'text' implicitly has an 'any' type.\nsrc/tui/tui.ts(529,10): error TS2339: Property 'onSubmit' does not exist on type 'CustomEditor'.\nsrc/tui/tui.ts(530,5): error TS2739: Type 'CustomEditor' is missing the following properties from type '{ setText: (value: string) => void; addToHistory: (value: string) => void; }': setText, addToHistory\nsrc/tui/tui.ts(541,16): error TS2339: Property 'getText' does not exist on type 'CustomEditor'.\nsrc/tui/tui.ts(542,14): error TS2339: Property 'setText' does not exist on type 'CustomEditor'.\n","timestamp":"2026-02-03T00:46:43.982709173Z"},{"message":"src/web/session.ts(10,20): error TS2307: Cannot find module 'qrcode-terminal' or its corresponding type declarations.\n","timestamp":"2026-02-03T00:46:43.98271651Z"},{"message":"src/wizard/clack-prompter.ts(67,11): error TS2322: Type '((value: string) => string | undefined) | undefined' is not assignable to type '((value: string | undefined) => string | Error | undefined) | undefined'.\n  Type '(value: string) => string | undefined' is not assignable to type '(value: string | undefined) => string | Error | undefined'.\n    Types of parameters 'value' and 'value' are incompatible.\n      Type 'string | undefined' is not assignable to type 'string'.\n        Type 'undefined' is not assignable to type 'string'.\n","timestamp":"2026-02-03T00:46:43.982755419Z"},{"message":" ELIFECYCLE  Command failed with exit code 1.\n","timestamp":"2026-02-03T00:46:44.104677607Z"},{"message":"[11/11] RUN pnpm build","timestamp":"2026-02-03T00:46:44.280122185Z"},{"message":"Dockerfile:27","timestamp":"2026-02-03T00:46:44.296297077Z"},{"message":"-------------------","timestamp":"2026-02-03T00:46:44.296348198Z"},{"message":"25 |","timestamp":"2026-02-03T00:46:44.296354587Z"},{"message":"26 |     COPY . .","timestamp":"2026-02-03T00:46:44.296359537Z"},{"message":"27 | >>> RUN pnpm build","timestamp":"2026-02-03T00:46:44.296367237Z"},{"message":"28 |","timestamp":"2026-02-03T00:46:44.296371260Z"},{"message":"29 |     ENV NODE_ENV=production","timestamp":"2026-02-03T00:46:44.296377005Z"},{"message":"-------------------","timestamp":"2026-02-03T00:46:44.296381412Z"},{"message":"ERROR: failed to build: failed to solve: process \"/bin/sh -c pnpm build\" did not complete successfully: exit code: 1","timestamp":"2026-02-03T00:46:44.296390737Z"}]