[{"message":"\u001b[35m[Region: us-east4]\u001b[0m","timestamp":"2026-02-03T00:51:57.863922594Z"},{"message":"\u001b[35m=========================","timestamp":"2026-02-03T00:51:57.923575968Z"},{"message":"Using Detected Dockerfile","timestamp":"2026-02-03T00:51:57.923623185Z"},{"message":"=========================","timestamp":"2026-02-03T00:51:57.923631481Z"},{"message":"\u001b[0m","timestamp":"2026-02-03T00:51:57.923635677Z"},{"message":"context: 1zsh-ip8p","timestamp":"2026-02-03T00:51:57.923651486Z"},{"message":"[internal] load build definition from Dockerfile","timestamp":"2026-02-03T00:51:58.314716634Z"},{"message":"[internal] load build definition from Dockerfile","timestamp":"2026-02-03T00:51:58.314805951Z"},{"message":"[internal] load build definition from Dockerfile","timestamp":"2026-02-03T00:51:58.314827373Z"},{"message":"[internal] load build definition from Dockerfile","timestamp":"2026-02-03T00:51:58.340953857Z"},{"message":"[internal] load metadata for docker.io/library/node:25-bookworm","timestamp":"2026-02-03T00:51:58.344685623Z"},{"message":"[auth] library/node:pull token for registry-1.docker.io","timestamp":"2026-02-03T00:51:58.348754373Z"},{"message":"[auth] library/node:pull token for registry-1.docker.io","timestamp":"2026-02-03T00:51:58.348787853Z"},{"message":"[internal] load metadata for docker.io/library/node:25-bookworm","timestamp":"2026-02-03T00:52:01.468197548Z"},{"message":"[internal] load .dockerignore","timestamp":"2026-02-03T00:52:01.468351224Z"},{"message":"[internal] load .dockerignore","timestamp":"2026-02-03T00:52:01.468377021Z"},{"message":"[internal] load .dockerignore","timestamp":"2026-02-03T00:52:01.468831633Z"},{"message":"[internal] load .dockerignore","timestamp":"2026-02-03T00:52:01.491115461Z"},{"message":"[11/11] RUN pnpm build","timestamp":"2026-02-03T00:52:01.497129385Z"},{"message":"[10/11] COPY . .","timestamp":"2026-02-03T00:52:01.497164154Z"},{"message":"[ 9/11] RUN pnpm install --no-frozen-lockfile","timestamp":"2026-02-03T00:52:01.497174063Z"},{"message":"[ 8/11] COPY scripts ./scripts","timestamp":"2026-02-03T00:52:01.497183414Z"},{"message":"[ 7/11] COPY patches ./patches","timestamp":"2026-02-03T00:52:01.497199078Z"},{"message":"[ 6/11] COPY package.json pnpm-lock.yaml .npmrc ./","timestamp":"2026-02-03T00:52:01.497207023Z"},{"message":"[internal] load build context","timestamp":"2026-02-03T00:52:01.497215854Z"},{"message":"[ 5/11] RUN if [ -n \"\" ]; then   apt-get update &&   DEBIAN_FRONTEND=noninteractive apt-get install -y --no-install-recommends  &&   apt-get clean &&   rm -rf /var/lib/apt/lists/* /var/cache/apt/archives/*;   fi","timestamp":"2026-02-03T00:52:01.497226001Z"},{"message":"[ 4/11] WORKDIR /app","timestamp":"2026-02-03T00:52:01.497237153Z"},{"message":"[ 3/11] RUN npm install -g pnpm@latest","timestamp":"2026-02-03T00:52:01.497244449Z"},{"message":"[ 2/11] RUN curl -fsSL https://bun.sh/install | bash","timestamp":"2026-02-03T00:52:01.497251359Z"},{"message":"[ 1/11] FROM docker.io/library/node:25-bookworm@sha256:e6b32434aba48dcb8730d56de2df3d137de213f1f527a922a6bf7b2853a24e86","timestamp":"2026-02-03T00:52:01.497261214Z"},{"message":"[internal] load build context","timestamp":"2026-02-03T00:52:01.497292372Z"},{"message":"[ 1/11] FROM docker.io/library/node:25-bookworm@sha256:e6b32434aba48dcb8730d56de2df3d137de213f1f527a922a6bf7b2853a24e86","timestamp":"2026-02-03T00:52:01.497300495Z"},{"message":"[ 1/11] FROM docker.io/library/node:25-bookworm@sha256:e6b32434aba48dcb8730d56de2df3d137de213f1f527a922a6bf7b2853a24e86","timestamp":"2026-02-03T00:52:01.503622526Z"},{"message":"[ 1/11] FROM docker.io/library/node:25-bookworm@sha256:e6b32434aba48dcb8730d56de2df3d137de213f1f527a922a6bf7b2853a24e86","timestamp":"2026-02-03T00:52:01.503770872Z"},{"message":"[ 1/11] FROM docker.io/library/node:25-bookworm@sha256:e6b32434aba48dcb8730d56de2df3d137de213f1f527a922a6bf7b2853a24e86","timestamp":"2026-02-03T00:52:01.503811121Z"},{"message":"[ 1/11] FROM docker.io/library/node:25-bookworm@sha256:e6b32434aba48dcb8730d56de2df3d137de213f1f527a922a6bf7b2853a24e86","timestamp":"2026-02-03T00:52:01.504074735Z"},{"message":"[internal] load build context","timestamp":"2026-02-03T00:52:01.504098257Z"},{"message":"[ 1/11] FROM docker.io/library/node:25-bookworm@sha256:e6b32434aba48dcb8730d56de2df3d137de213f1f527a922a6bf7b2853a24e86","timestamp":"2026-02-03T00:52:01.594842658Z"},{"message":"[ 1/11] FROM docker.io/library/node:25-bookworm@sha256:e6b32434aba48dcb8730d56de2df3d137de213f1f527a922a6bf7b2853a24e86","timestamp":"2026-02-03T00:52:01.599344053Z"},{"message":"[internal] load build context","timestamp":"2026-02-03T00:52:04.148148703Z"},{"message":"[ 1/11] FROM docker.io/library/node:25-bookworm@sha256:e6b32434aba48dcb8730d56de2df3d137de213f1f527a922a6bf7b2853a24e86","timestamp":"2026-02-03T00:52:05.491188326Z"},{"message":"[ 2/11] RUN curl -fsSL https://bun.sh/install | bash","timestamp":"2026-02-03T00:52:07.254124133Z"},{"message":"#=#=#                                                                         \r","timestamp":"2026-02-03T00:52:07.619246846Z"},{"message":"##O#-#                                                                        \r","timestamp":"2026-02-03T00:52:07.742022826Z"},{"message":"\r                                                                           0.2%","timestamp":"2026-02-03T00:52:08.016868621Z"},{"message":"\r################################################                          67.7%","timestamp":"2026-02-03T00:52:08.118968894Z"},{"message":"\r######################################################################## 100.0%\n","timestamp":"2026-02-03T00:52:08.179243711Z"},{"message":"bun was installed successfully to ~/.bun/bin/bun \n","timestamp":"2026-02-03T00:52:09.04723517Z"},{"message":"\n","timestamp":"2026-02-03T00:52:09.048075986Z"},{"message":"Added \"~/.bun/bin\" to $PATH in \"~/.bashrc\" \n\nTo get started, run: \n\n","timestamp":"2026-02-03T00:52:09.217847891Z"},{"message":"  source /root/.bashrc \n","timestamp":"2026-02-03T00:52:09.2178847Z"},{"message":"  bun --help \n","timestamp":"2026-02-03T00:52:09.21795765Z"},{"message":"[ 2/11] RUN curl -fsSL https://bun.sh/install | bash","timestamp":"2026-02-03T00:52:27.783280499Z"},{"message":"[ 3/11] RUN npm install -g pnpm@latest","timestamp":"2026-02-03T00:52:27.786181606Z"},{"message":"\nadded 1 package in 1s\n","timestamp":"2026-02-03T00:52:29.295395679Z"},{"message":"\n","timestamp":"2026-02-03T00:52:29.29548214Z"},{"message":"1 package is looking for funding\n","timestamp":"2026-02-03T00:52:29.295605081Z"},{"message":"  run `npm fund` for details\n","timestamp":"2026-02-03T00:52:29.29571579Z"},{"message":"[ 3/11] RUN npm install -g pnpm@latest","timestamp":"2026-02-03T00:52:29.382538153Z"},{"message":"[ 4/11] WORKDIR /app","timestamp":"2026-02-03T00:52:29.386255998Z"},{"message":"[ 4/11] WORKDIR /app","timestamp":"2026-02-03T00:52:29.423648223Z"},{"message":"[ 5/11] RUN if [ -n \"\" ]; then   apt-get update &&   DEBIAN_FRONTEND=noninteractive apt-get install -y --no-install-recommends  &&   apt-get clean &&   rm -rf /var/lib/apt/lists/* /var/cache/apt/archives/*;   fi","timestamp":"2026-02-03T00:52:29.426797526Z"},{"message":"[ 5/11] RUN if [ -n \"\" ]; then   apt-get update &&   DEBIAN_FRONTEND=noninteractive apt-get install -y --no-install-recommends  &&   apt-get clean &&   rm -rf /var/lib/apt/lists/* /var/cache/apt/archives/*;   fi","timestamp":"2026-02-03T00:52:29.545462275Z"},{"message":"[ 6/11] COPY package.json pnpm-lock.yaml .npmrc ./","timestamp":"2026-02-03T00:52:29.547635974Z"},{"message":"[ 6/11] COPY package.json pnpm-lock.yaml .npmrc ./","timestamp":"2026-02-03T00:52:29.574592815Z"},{"message":"[ 7/11] COPY patches ./patches","timestamp":"2026-02-03T00:52:29.577107692Z"},{"message":"[ 7/11] COPY patches ./patches","timestamp":"2026-02-03T00:52:29.597184186Z"},{"message":"[ 8/11] COPY scripts ./scripts","timestamp":"2026-02-03T00:52:29.599756029Z"},{"message":"[ 8/11] COPY scripts ./scripts","timestamp":"2026-02-03T00:52:29.681257707Z"},{"message":"[ 9/11] RUN pnpm install --no-frozen-lockfile","timestamp":"2026-02-03T00:52:29.684143456Z"},{"message":"Progress: resolved 1, reused 0, downloaded 0, added 0\n","timestamp":"2026-02-03T00:52:30.538168936Z"},{"message":"Progress: resolved 64, reused 0, downloaded 45, added 0\n","timestamp":"2026-02-03T00:52:31.54437109Z"},{"message":"Packages are hard linked from the content-addressable store to the virtual store.\n  Content-addressable store is at: /root/.local/share/pnpm/store/v10\n  Virtual store is at:             node_modules/.pnpm\n","timestamp":"2026-02-03T00:52:32.526080629Z"},{"message":"Progress: resolved 386, reused 0, downloaded 351, added 0\n","timestamp":"2026-02-03T00:52:32.546491695Z"},{"message":"Progress: resolved 472, reused 0, downloaded 399, added 0\n","timestamp":"2026-02-03T00:52:33.547150731Z"},{"message":"Progress: resolved 690, reused 0, downloaded 577, added 0\n","timestamp":"2026-02-03T00:52:34.557247838Z"},{"message":" WARN  deprecated request@2.88.2: request has been deprecated, see https://github.com/request/request/issues/3142\n","timestamp":"2026-02-03T00:52:34.769376923Z"},{"message":"Progress: resolved 758, reused 0, downloaded 651, added 0\n","timestamp":"2026-02-03T00:52:35.556754295Z"},{"message":"Progress: resolved 760, reused 0, downloaded 654, added 0\n","timestamp":"2026-02-03T00:52:36.556759456Z"},{"message":" WARN  3 deprecated subdependencies found: har-validator@5.1.5, node-domexception@1.0.0, uuid@3.4.0\n","timestamp":"2026-02-03T00:52:37.235857027Z"},{"message":"Packages: +657\n++++++++++++++++++++++++++++++++++++++++++++++++++++++++++++++++++++++++++++++++\n","timestamp":"2026-02-03T00:52:37.252876057Z"},{"message":"Progress: resolved 761, reused 0, downloaded 656, added 383\n","timestamp":"2026-02-03T00:52:37.556889568Z"},{"message":"Progress: resolved 761, reused 0, downloaded 657, added 657, done\n","timestamp":"2026-02-03T00:52:38.319790326Z"},{"message":"\ndependencies:\n+ @agentclientprotocol/sdk 0.13.1\n+ @anthropic-ai/sdk 0.71.2\n+ @clack/prompts 1.0.0\n+ @grammyjs/types 3.23.0\n+ @mariozechner/pi-agent-core 0.51.1\n+ @mariozechner/pi-ai 0.51.1\n+ @mariozechner/pi-coding-agent 0.51.1\n+ @sinclair/typebox 0.34.48\n+ @whiskeysockets/baileys 7.0.0-rc.9\n+ ajv 8.17.1\n+ better-sqlite3 12.6.2\n+ chalk 5.6.2\n+ chokidar 5.0.0\n+ commander 14.0.2\n+ croner 9.1.0\n+ dotenv 17.2.3\n+ ethers 6.16.0\n+ express 5.2.1\n+ grammy 1.39.3\n+ hono 4.11.7\n+ node-telegram-bot-api 0.67.0\n+ proper-lockfile 4.1.2\n+ sharp 0.34.5\n+ tslog 4.10.2\n+ ws 8.19.0\n+ zod 4.3.6\n\ndevDependencies:\n+ @types/better-sqlite3 7.6.13\n+ @types/node 25.0.10\n+ @types/node-telegram-bot-api 0.64.13\n+ @types/ws 8.18.1\n+ oxlint 1.41.0\n+ oxlint-tsgolint 0.11.4\n+ tsx 4.21.0\n+ typescript 5.9.3\n+ vitest 4.0.18\n\n","timestamp":"2026-02-03T00:52:39.901094048Z"},{"message":"╭ Warning ─────────────────────────────────────────────────────────────────────╮\n│                                                                              │\n│   Ignored build scripts: @whiskeysockets/baileys@7.0.0-rc.9,                 │\n│   better-sqlite3@12.6.2, esbuild@0.27.2, protobufjs@6.8.8,                   │\n│   protobufjs@7.5.4, sharp@0.34.5.                                            │\n│   Run \"pnpm approve-builds\" to pick which dependencies should be allowed     │\n│   to run scripts.                                                            │\n│                                                                              │\n╰──────────────────────────────────────────────────────────────────────────────╯\n","timestamp":"2026-02-03T00:52:39.904657349Z"},{"message":"Done in 10.1s using pnpm v10.28.2\n","timestamp":"2026-02-03T00:52:39.968315099Z"},{"message":"[ 9/11] RUN pnpm install --no-frozen-lockfile","timestamp":"2026-02-03T00:52:43.021335690Z"},{"message":"[10/11] COPY . .","timestamp":"2026-02-03T00:52:43.025487347Z"},{"message":"[10/11] COPY . .","timestamp":"2026-02-03T00:52:44.077224892Z"},{"message":"[11/11] RUN pnpm build","timestamp":"2026-02-03T00:52:44.080485203Z"},{"message":"\n> moltbot@2026.1.26 build /app\n> (tsc -p tsconfig.json || true) && node --import tsx scripts/copy-hook-metadata.ts && node --import tsx scripts/write-build-info.ts\n\n","timestamp":"2026-02-03T00:52:44.511909638Z"},{"message":"src/agents/bedrock-discovery.ts(5,8): error TS2307: Cannot find module '@aws-sdk/client-bedrock' or its corresponding type declarations.\n","timestamp":"2026-02-03T00:53:04.424778067Z"},{"message":"src/agents/context.ts(13,13): error TS2339: Property 'discoverAuthStorage' does not exist on type 'typeof import(\"/app/node_modules/.pnpm/@mariozechner+pi-coding-agent@0.51.1_ws@8.19.0_zod@4.3.6/node_modules/@mariozechner/pi-coding-agent/dist/index\", { with: { \"resolution-mode\": \"import\" } })'.\n","timestamp":"2026-02-03T00:53:04.424949877Z"},{"message":"src/agents/context.ts(13,34): error TS2339: Property 'discoverModels' does not exist on type 'typeof import(\"/app/node_modules/.pnpm/@mariozechner+pi-coding-agent@0.51.1_ws@8.19.0_zod@4.3.6/node_modules/@mariozechner/pi-coding-agent/dist/index\", { with: { \"resolution-mode\": \"import\" } })'.\nsrc/agents/model-catalog.ts(67,33): error TS2339: Property 'discoverAuthStorage' does not exist on type 'typeof import(\"/app/node_modules/.pnpm/@mariozechner+pi-coding-agent@0.51.1_ws@8.19.0_zod@4.3.6/node_modules/@mariozechner/pi-coding-agent/dist/index\", { with: { \"resolution-mode\": \"import\" } })'.\nsrc/agents/model-catalog.ts(68,30): error TS2339: Property 'discoverModels' does not exist on type 'typeof import(\"/app/node_modules/.pnpm/@mariozechner+pi-coding-agent@0.51.1_ws@8.19.0_zod@4.3.6/node_modules/@mariozechner/pi-coding-agent/dist/index\", { with: { \"resolution-mode\": \"import\" } })'.\n","timestamp":"2026-02-03T00:53:04.424979263Z"},{"message":"src/agents/pi-embedded-runner/compact.ts(19,44): error TS2307: Cannot find module '../../signal/reaction-level.js' or its corresponding type declarations.\nsrc/agents/pi-embedded-runner/compact.ts(394,9): error TS2353: Object literal may only specify known properties, and 'systemPrompt' does not exist in type 'CreateAgentSessionOptions'.\n","timestamp":"2026-02-03T00:53:04.425040751Z"},{"message":"src/agents/pi-embedded-runner/model.ts(2,10): error TS2305: Module '\"@mariozechner/pi-coding-agent\"' has no exported member 'discoverAuthStorage'.\n","timestamp":"2026-02-03T00:53:04.425067454Z"},{"message":"src/agents/pi-embedded-runner/model.ts(2,31): error TS2305: Module '\"@mariozechner/pi-coding-agent\"' has no exported member 'discoverModels'.\n","timestamp":"2026-02-03T00:53:04.425071147Z"},{"message":"src/agents/pi-embedded-runner/run/attempt.ts(18,44): error TS2307: Cannot find module '../../../signal/reaction-level.js' or its corresponding type declarations.\nsrc/agents/pi-embedded-runner/run/attempt.ts(457,9): error TS2353: Object literal may only specify known properties, and 'systemPrompt' does not exist in type 'CreateAgentSessionOptions'.\n","timestamp":"2026-02-03T00:53:04.425217425Z"},{"message":"src/agents/pi-embedded-runner/run/types.ts(3,15): error TS2305: Module '\"@mariozechner/pi-coding-agent\"' has no exported member 'discoverAuthStorage'.\nsrc/agents/pi-embedded-runner/run/types.ts(3,36): error TS2305: Module '\"@mariozechner/pi-coding-agent\"' has no exported member 'discoverModels'.\n","timestamp":"2026-02-03T00:53:04.425271801Z"},{"message":"src/agents/pi-tool-definition-adapter.ts(27,3): error TS2322: Type '{ name: string; label: string; description: string; parameters: any; execute: (toolCallId: string, params: unknown, onUpdate: AgentToolUpdateCallback<unknown> | undefined, _ctx: AgentToolUpdateCallback<...> | undefined, signal: ExtensionContext) => Promise<...>; }[]' is not assignable to type 'ToolDefinition<TSchema, unknown>[]'.\n  Type '{ name: string; label: string; description: string; parameters: any; execute: (toolCallId: string, params: unknown, onUpdate: AgentToolUpdateCallback<unknown> | undefined, _ctx: AgentToolUpdateCallback<...> | undefined, signal: ExtensionContext) => Promise<...>; }' is not assignable to type 'ToolDefinition<TSchema, unknown>'.\n    Types of property 'execute' are incompatible.\n      Type '(toolCallId: string, params: unknown, onUpdate: AgentToolUpdateCallback<unknown> | undefined, _ctx: AgentToolUpdateCallback<unknown> | undefined, signal: ExtensionContext) => Promise<...>' is not assignable to type '(toolCallId: string, params: unknown, signal: AbortSignal | undefined, onUpdate: AgentToolUpdateCallback<unknown> | undefined, ctx: ExtensionContext) => Promise<...>'.\n        Types of parameters 'onUpdate' and 'signal' are incompatible.\n          Type 'AbortSignal | undefined' is not assignable to type 'AgentToolUpdateCallback<unknown> | undefined'.\n            Type 'AbortSignal' is not assignable to type 'AgentToolUpdateCallback<unknown>'.\n              Type 'AbortSignal' provides no match for the signature '(partialResult: AgentToolResult<unknown>): void'.\nsrc/agents/pi-tool-definition-adapter.ts(36,7): error TS2322: Type '(toolCallId: string, params: unknown, onUpdate: AgentToolUpdateCallback<unknown> | undefined, _ctx: AgentToolUpdateCallback<unknown> | undefined, signal: ExtensionContext) => Promise<...>' is not assignable to type '(toolCallId: string, params: unknown, signal: AbortSignal | undefined, onUpdate: AgentToolUpdateCallback<unknown> | undefined, ctx: ExtensionContext) => Promise<...>'.\n  Types of parameters 'onUpdate' and 'signal' are incompatible.\n    Type 'AbortSignal | undefined' is not assignable to type 'AgentToolUpdateCallback<unknown> | undefined'.\n      Type 'AbortSignal' is not assignable to type 'AgentToolUpdateCallback<unknown>'.\n        Type 'AbortSignal' provides no match for the signature '(partialResult: AgentToolResult<unknown>): void'.\n","timestamp":"2026-02-03T00:53:04.425354656Z"},{"message":"src/agents/pi-tool-definition-adapter.ts(46,57): error TS2345: Argument of type 'ExtensionContext' is not assignable to parameter of type 'AbortSignal'.\n  Type 'ExtensionContext' is missing the following properties from type 'AbortSignal': aborted, onabort, reason, throwIfAborted, and 3 more.\nsrc/agents/pi-tool-definition-adapter.ts(48,23): error TS2551: Property 'aborted' does not exist on type 'ExtensionContext'. Did you mean 'abort'?\n","timestamp":"2026-02-03T00:53:04.425371251Z"},{"message":"src/agents/pi-tool-definition-adapter.ts(76,3): error TS2322: Type '{ name: string; label: string; description: string; parameters: any; execute: (toolCallId: string, params: unknown, _onUpdate: AgentToolUpdateCallback<unknown> | undefined, _ctx: AgentToolUpdateCallback<...> | undefined, _signal: ExtensionContext) => Promise<...>; }[]' is not assignable to type 'ToolDefinition<TSchema, unknown>[]'.\n  Type '{ name: string; label: string; description: string; parameters: any; execute: (toolCallId: string, params: unknown, _onUpdate: AgentToolUpdateCallback<unknown> | undefined, _ctx: AgentToolUpdateCallback<...> | undefined, _signal: ExtensionContext) => Promise<...>; }' is not assignable to type 'ToolDefinition<TSchema, unknown>'.\n    Types of property 'execute' are incompatible.\n      Type '(toolCallId: string, params: unknown, _onUpdate: AgentToolUpdateCallback<unknown> | undefined, _ctx: AgentToolUpdateCallback<unknown> | undefined, _signal: ExtensionContext) => Promise<...>' is not assignable to type '(toolCallId: string, params: unknown, signal: AbortSignal | undefined, onUpdate: AgentToolUpdateCallback<unknown> | undefined, ctx: ExtensionContext) => Promise<...>'.\n        Types of parameters '_onUpdate' and 'signal' are incompatible.\n          Type 'AbortSignal | undefined' is not assignable to type 'AgentToolUpdateCallback<unknown> | undefined'.\n            Type 'AbortSignal' is not assignable to type 'AgentToolUpdateCallback<unknown>'.\n              Type 'AbortSignal' provides no match for the signature '(partialResult: AgentToolResult<unknown>): void'.\n","timestamp":"2026-02-03T00:53:04.425429341Z"},{"message":"src/agents/pi-tool-definition-adapter.ts(83,7): error TS2322: Type '(toolCallId: string, params: unknown, _onUpdate: AgentToolUpdateCallback<unknown> | undefined, _ctx: AgentToolUpdateCallback<unknown> | undefined, _signal: ExtensionContext) => Promise<...>' is not assignable to type '(toolCallId: string, params: unknown, signal: AbortSignal | undefined, onUpdate: AgentToolUpdateCallback<unknown> | undefined, ctx: ExtensionContext) => Promise<...>'.\n  Types of parameters '_onUpdate' and 'signal' are incompatible.\n    Type 'AbortSignal | undefined' is not assignable to type 'AgentToolUpdateCallback<unknown> | undefined'.\n      Type 'AbortSignal' is not assignable to type 'AgentToolUpdateCallback<unknown>'.\n        Type 'AbortSignal' provides no match for the signature '(partialResult: AgentToolResult<unknown>): void'.\n","timestamp":"2026-02-03T00:53:04.425438894Z"},{"message":"src/agents/skills/frontmatter.ts(1,19): error TS2307: Cannot find module 'json5' or its corresponding type declarations.\n","timestamp":"2026-02-03T00:53:04.425485746Z"},{"message":"src/agents/tools/image-tool.ts(11,10): error TS2305: Module '\"@mariozechner/pi-coding-agent\"' has no exported member 'discoverAuthStorage'.\n","timestamp":"2026-02-03T00:53:04.42549117Z"},{"message":"src/agents/tools/image-tool.ts(11,31): error TS2305: Module '\"@mariozechner/pi-coding-agent\"' has no exported member 'discoverModels'.\n","timestamp":"2026-02-03T00:53:04.425515485Z"},{"message":"src/agents/tools/web-fetch-utils.ts(94,14): error TS2307: Cannot find module '@mozilla/readability' or its corresponding type declarations.\n","timestamp":"2026-02-03T00:53:04.425522045Z"},{"message":"src/agents/tools/web-fetch-utils.ts(95,14): error TS2307: Cannot find module 'linkedom' or its corresponding type declarations.\nsrc/agents/tools/web-fetch.ts(10,33): error TS2307: Cannot find module 'undici' or its corresponding type declarations.\n","timestamp":"2026-02-03T00:53:04.425567294Z"},{"message":"src/automations/scheduler.ts(1,18): error TS2307: Cannot find module 'node-cron' or its corresponding type declarations.\n","timestamp":"2026-02-03T00:53:04.425573121Z"},{"message":"src/browser/bridge-server.ts(3,21): error TS7016: Could not find a declaration file for module 'express'. '/app/node_modules/.pnpm/express@5.2.1/node_modules/express/index.js' implicitly has an 'any' type.\n  Try `npm i --save-dev @types/express` if it exists or add a new declaration (.d.ts) file containing `declare module 'express';`\n","timestamp":"2026-02-03T00:53:04.425610661Z"},{"message":"src/browser/bridge-server.ts(36,14): error TS7006: Parameter 'req' implicitly has an 'any' type.\nsrc/browser/bridge-server.ts(36,19): error TS7006: Parameter 'res' implicitly has an 'any' type.\n","timestamp":"2026-02-03T00:53:04.425621825Z"},{"message":"src/browser/bridge-server.ts(36,24): error TS7006: Parameter 'next' implicitly has an 'any' type.\n","timestamp":"2026-02-03T00:53:04.425629945Z"},{"message":"src/browser/pw-session.ts(8,8): error TS2307: Cannot find module 'playwright-core' or its corresponding type declarations.\n","timestamp":"2026-02-03T00:53:04.425638346Z"},{"message":"src/browser/pw-session.ts(9,26): error TS2307: Cannot find module 'playwright-core' or its corresponding type declarations.\nsrc/browser/pw-session.ts(267,23): error TS7006: Parameter 'page' implicitly has an 'any' type.\nsrc/browser/pw-session.ts(325,35): error TS7006: Parameter 'c' implicitly has an 'any' type.\n","timestamp":"2026-02-03T00:53:04.425669972Z"},{"message":"src/browser/pw-tools-core.downloads.ts(5,27): error TS2307: Cannot find module 'playwright-core' or its corresponding type declarations.\nsrc/browser/pw-tools-core.downloads.ts(84,18): error TS7006: Parameter 'fileChooser' implicitly has an 'any' type.\n","timestamp":"2026-02-03T00:53:04.425688916Z"},{"message":"src/browser/pw-tools-core.downloads.ts(102,33): error TS7006: Parameter 'el' implicitly has an 'any' type.\nsrc/browser/pw-tools-core.downloads.ts(132,18): error TS7006: Parameter 'dialog' implicitly has an 'any' type.\n","timestamp":"2026-02-03T00:53:04.425699074Z"},{"message":"src/browser/pw-tools-core.interactions.ts(429,28): error TS7006: Parameter 'labels' implicitly has an 'any' type.\nsrc/browser/pw-tools-core.interactions.ts(522,30): error TS7006: Parameter 'el' implicitly has an 'any' type.\n","timestamp":"2026-02-03T00:53:04.425727282Z"},{"message":"src/browser/pw-tools-core.snapshot.ts(1,27): error TS2307: Cannot find module 'playwright-core' or its corresponding type declarations.\nsrc/browser/pw-tools-core.state.ts(1,39): error TS2307: Cannot find module 'playwright-core' or its corresponding type declarations.\n","timestamp":"2026-02-03T00:53:04.42573798Z"},{"message":"src/browser/pw-tools-core.state.ts(2,46): error TS2307: Cannot find module 'playwright-core' or its corresponding type declarations.\nsrc/browser/pw-tools-core.storage.ts(68,14): error TS7031: Binding element 'kind2' implicitly has an 'any' type.\nsrc/browser/pw-tools-core.storage.ts(68,26): error TS7031: Binding element 'key2' implicitly has an 'any' type.\nsrc/browser/pw-tools-core.storage.ts(100,8): error TS7031: Binding element 'kind' implicitly has an 'any' type.\n","timestamp":"2026-02-03T00:53:04.425775337Z"},{"message":"src/browser/pw-tools-core.storage.ts(100,19): error TS7031: Binding element 'k' implicitly has an 'any' type.\nsrc/browser/pw-tools-core.storage.ts(100,22): error TS7031: Binding element 'value' implicitly has an 'any' type.\n","timestamp":"2026-02-03T00:53:04.425805869Z"},{"message":"src/browser/pw-tools-core.storage.ts(116,8): error TS7031: Binding element 'kind' implicitly has an 'any' type.\nsrc/browser/server.ts(2,21): error TS7016: Could not find a declaration file for module 'express'. '/app/node_modules/.pnpm/express@5.2.1/node_modules/express/index.js' implicitly has an 'any' type.\n  Try `npm i --save-dev @types/express` if it exists or add a new declaration (.d.ts) file containing `declare module 'express';`\nsrc/channels/plugins/actions/discord.ts(2,44): error TS2307: Cannot find module '../../../discord/accounts.js' or its corresponding type declarations.\n","timestamp":"2026-02-03T00:53:04.425816415Z"},{"message":"src/channels/plugins/actions/discord.ts(4,44): error TS2307: Cannot find module './discord/handle-action.js' or its corresponding type declarations.\nsrc/channels/plugins/actions/discord.ts(9,8): error TS7006: Parameter 'account' implicitly has an 'any' type.\nsrc/channels/plugins/actions/signal.ts(2,65): error TS2307: Cannot find module '../../../signal/accounts.js' or its corresponding type declarations.\nsrc/channels/plugins/actions/signal.ts(3,44): error TS2307: Cannot find module '../../../signal/reaction-level.js' or its corresponding type declarations.\nsrc/channels/plugins/actions/signal.ts(4,58): error TS2307: Cannot find module '../../../signal/send-reactions.js' or its corresponding type declarations.\nsrc/channels/plugins/actions/signal.ts(37,49): error TS7006: Parameter 'account' implicitly has an 'any' type.\nsrc/channels/plugins/actions/signal.ts(42,55): error TS7006: Parameter 'account' implicitly has an 'any' type.\nsrc/channels/plugins/normalize/discord.ts(1,36): error TS2307: Cannot find module '../../../discord/targets.js' or its corresponding type declarations.\n","timestamp":"2026-02-03T00:53:04.425908247Z"},{"message":"src/channels/plugins/normalize/slack.ts(1,34): error TS2307: Cannot find module '../../../slack/targets.js' or its corresponding type declarations.\nsrc/channels/plugins/onboarding/discord.ts(8,8): error TS2307: Cannot find module '../../../discord/accounts.js' or its corresponding type declarations.\nsrc/channels/plugins/onboarding/discord.ts(9,38): error TS2307: Cannot find module '../../../discord/monitor/allow-list.js' or its corresponding type declarations.\nsrc/channels/plugins/onboarding/discord.ts(10,45): error TS2307: Cannot find module '../../../discord/resolve-users.js' or its corresponding type declarations.\n","timestamp":"2026-02-03T00:53:04.425929974Z"},{"message":"src/channels/plugins/onboarding/discord.ts(14,8): error TS2307: Cannot find module '../../../discord/resolve-channels.js' or its corresponding type declarations.\n","timestamp":"2026-02-03T00:53:04.425934213Z"},{"message":"src/channels/plugins/onboarding/discord.ts(243,40): error TS7006: Parameter 'res' implicitly has an 'any' type.\nsrc/channels/plugins/onboarding/discord.ts(246,47): error TS7006: Parameter 'res' implicitly has an 'any' type.\n","timestamp":"2026-02-03T00:53:04.425960912Z"},{"message":"src/channels/plugins/onboarding/discord.ts(251,30): error TS7006: Parameter 'res' implicitly has an 'any' type.\nsrc/channels/plugins/onboarding/discord.ts(270,57): error TS7006: Parameter 'accountId' implicitly has an 'any' type.\n","timestamp":"2026-02-03T00:53:04.425975931Z"},{"message":"src/channels/plugins/onboarding/discord.ts(388,33): error TS2339: Property 'channels' does not exist on type '{}'.\nsrc/channels/plugins/onboarding/signal.ts(10,8): error TS2307: Cannot find module '../../../signal/accounts.js' or its corresponding type declarations.\nsrc/channels/plugins/onboarding/signal.ts(151,8): error TS7006: Parameter 'accountId' implicitly has an 'any' type.\nsrc/channels/plugins/onboarding/slack.ts(8,8): error TS2307: Cannot find module '../../../slack/accounts.js' or its corresponding type declarations.\n","timestamp":"2026-02-03T00:53:04.426015756Z"},{"message":"src/channels/plugins/onboarding/slack.ts(9,46): error TS2307: Cannot find module '../../../slack/resolve-channels.js' or its corresponding type declarations.\nsrc/channels/plugins/onboarding/slack.ts(10,43): error TS2307: Cannot find module '../../../slack/resolve-users.js' or its corresponding type declarations.\n","timestamp":"2026-02-03T00:53:04.426030519Z"},{"message":"src/channels/plugins/onboarding/slack.ts(293,40): error TS7006: Parameter 'res' implicitly has an 'any' type.\nsrc/channels/plugins/onboarding/slack.ts(296,47): error TS7006: Parameter 'res' implicitly has an 'any' type.\n","timestamp":"2026-02-03T00:53:04.426052157Z"},{"message":"src/channels/plugins/onboarding/slack.ts(301,30): error TS7006: Parameter 'res' implicitly has an 'any' type.\n","timestamp":"2026-02-03T00:53:04.426057695Z"},{"message":"src/channels/plugins/onboarding/slack.ts(320,55): error TS7006: Parameter 'accountId' implicitly has an 'any' type.\nsrc/channels/plugins/onboarding/slack.ts(476,39): error TS2339: Property 'allow' does not exist on type '{}'.\nsrc/channels/plugins/onboarding/slack.ts(476,65): error TS2339: Property 'enabled' does not exist on type '{}'.\n","timestamp":"2026-02-03T00:53:04.426090679Z"},{"message":"src/channels/plugins/onboarding/slack.ts(497,24): error TS7006: Parameter 'entry' implicitly has an 'any' type.\nsrc/channels/plugins/onboarding/slack.ts(498,21): error TS7006: Parameter 'entry' implicitly has an 'any' type.\n","timestamp":"2026-02-03T00:53:04.426113252Z"},{"message":"src/channels/plugins/onboarding/slack.ts(500,24): error TS7006: Parameter 'entry' implicitly has an 'any' type.\nsrc/channels/plugins/onboarding/slack.ts(501,21): error TS7006: Parameter 'entry' implicitly has an 'any' type.\n","timestamp":"2026-02-03T00:53:04.426119816Z"},{"message":"src/channels/plugins/onboarding/slack.ts(502,57): error TS7006: Parameter 'entry' implicitly has an 'any' type.\n","timestamp":"2026-02-03T00:53:04.426146587Z"},{"message":"src/cli/config-cli.ts(1,19): error TS2307: Cannot find module 'json5' or its corresponding type declarations.\n","timestamp":"2026-02-03T00:53:04.426150908Z"},{"message":"src/cli/exec-approvals-cli.ts(2,19): error TS2307: Cannot find module 'json5' or its corresponding type declarations.\nsrc/cli/neobot.ts(359,37): error TS2307: Cannot find module 'readline-sync' or its corresponding type declarations.\n","timestamp":"2026-02-03T00:53:04.426185969Z"},{"message":"src/commands/auth-choice.apply.oauth.ts(71,34): error TS2339: Property 'trim' does not exist on type '{}'.\n","timestamp":"2026-02-03T00:53:04.426196075Z"},{"message":"src/commands/models/list.registry.ts(2,10): error TS2305: Module '\"@mariozechner/pi-coding-agent\"' has no exported member 'discoverAuthStorage'.\n","timestamp":"2026-02-03T00:53:04.426201433Z"},{"message":"src/commands/models/list.registry.ts(2,31): error TS2305: Module '\"@mariozechner/pi-coding-agent\"' has no exported member 'discoverModels'.\n","timestamp":"2026-02-03T00:53:04.426225442Z"},{"message":"src/commands/setup.ts(3,19): error TS2307: Cannot find module 'json5' or its corresponding type declarations.\nsrc/config/includes.ts(16,19): error TS2307: Cannot find module 'json5' or its corresponding type declarations.\n","timestamp":"2026-02-03T00:53:04.42628001Z"},{"message":"src/config/io.ts(6,19): error TS2307: Cannot find module 'json5' or its corresponding type declarations.\nsrc/config/sessions/store.ts(5,19): error TS2307: Cannot find module 'json5' or its corresponding type declarations.\n","timestamp":"2026-02-03T00:53:04.426292891Z"},{"message":"src/config/types.channels.ts(3,37): error TS2307: Cannot find module './types.imessage.js' or its corresponding type declarations.\nsrc/config/types.ts(17,15): error TS2307: Cannot find module './types.imessage.js' or its corresponding type declarations.\n","timestamp":"2026-02-03T00:53:04.426325472Z"},{"message":"src/cron/store.ts(5,19): error TS2307: Cannot find module 'json5' or its corresponding type declarations.\nsrc/gateway/test-helpers.mocks.ts(239,24): error TS2339: Property 'discoverModels' does not exist on type 'typeof import(\"/app/node_modules/.pnpm/@mariozechner+pi-coding-agent@0.51.1_ws@8.19.0_zod@4.3.6/node_modules/@mariozechner/pi-coding-agent/dist/index\", { with: { \"resolution-mode\": \"import\" } })'.\n","timestamp":"2026-02-03T00:53:04.426367028Z"},{"message":"src/hooks/frontmatter.ts(1,19): error TS2307: Cannot find module 'json5' or its corresponding type declarations.\nsrc/infra/archive.ts(3,22): error TS2307: Cannot find module 'tar' or its corresponding type declarations.\n","timestamp":"2026-02-03T00:53:04.426376559Z"},{"message":"src/infra/archive.ts(4,19): error TS2307: Cannot find module 'jszip' or its corresponding type declarations.\nsrc/infra/archive.ts(70,23): error TS18046: 'entry' is of type 'unknown'.\n","timestamp":"2026-02-03T00:53:04.426393289Z"},{"message":"src/infra/archive.ts(74,59): error TS18046: 'entry' is of type 'unknown'.\nsrc/infra/archive.ts(82,57): error TS18046: 'entry' is of type 'unknown'.\nsrc/infra/archive.ts(85,24): error TS18046: 'entry' is of type 'unknown'.\n","timestamp":"2026-02-03T00:53:04.426421613Z"},{"message":"src/infra/bonjour.ts(87,51): error TS2307: Cannot find module '@homebridge/ciao' or its corresponding type declarations.\n","timestamp":"2026-02-03T00:53:04.426445794Z"},{"message":"src/infra/net/ssrf.ts(3,40): error TS2307: Cannot find module 'undici' or its corresponding type declarations.\n","timestamp":"2026-02-03T00:53:04.426451425Z"},{"message":"src/infra/retry-policy.ts(1,32): error TS2307: Cannot find module '@buape/carbon' or its corresponding type declarations.\nsrc/infra/retry-policy.ts(58,63): error TS18046: 'err' is of type 'unknown'.\n","timestamp":"2026-02-03T00:53:04.426475279Z"},{"message":"src/infra/scheduler/scheduler.ts(1,18): error TS2307: Cannot find module 'node-cron' or its corresponding type declarations.\n","timestamp":"2026-02-03T00:53:04.426483923Z"},{"message":"src/infra/state-migrations.fs.ts(3,19): error TS2307: Cannot find module 'json5' or its corresponding type declarations.\nsrc/line/auto-reply-delivery.ts(1,35): error TS2307: Cannot find module '@line/bot-sdk' or its corresponding type declarations.\n","timestamp":"2026-02-03T00:53:04.426512062Z"},{"message":"src/line/bot-handlers.ts(10,8): error TS2307: Cannot find module '@line/bot-sdk' or its corresponding type declarations.\n","timestamp":"2026-02-03T00:53:04.426518564Z"},{"message":"src/line/bot-message-context.ts(8,8): error TS2307: Cannot find module '@line/bot-sdk' or its corresponding type declarations.\n","timestamp":"2026-02-03T00:53:04.426523165Z"},{"message":"src/line/bot.ts(1,41): error TS2307: Cannot find module '@line/bot-sdk' or its corresponding type declarations.\n","timestamp":"2026-02-03T00:53:04.426543511Z"},{"message":"src/line/download.ts(4,30): error TS2307: Cannot find module '@line/bot-sdk' or its corresponding type declarations.\n","timestamp":"2026-02-03T00:53:04.426577131Z"},{"message":"src/line/flex-templates.ts(1,35): error TS2307: Cannot find module '@line/bot-sdk' or its corresponding type declarations.\nsrc/line/markdown-to-line.ts(1,35): error TS2307: Cannot find module '@line/bot-sdk' or its corresponding type declarations.\n","timestamp":"2026-02-03T00:53:04.426606636Z"},{"message":"src/line/monitor.ts(1,41): error TS2307: Cannot find module '@line/bot-sdk' or its corresponding type declarations.\n","timestamp":"2026-02-03T00:53:04.426623656Z"},{"message":"src/line/probe.ts(1,30): error TS2307: Cannot find module '@line/bot-sdk' or its corresponding type declarations.\n","timestamp":"2026-02-03T00:53:04.426642697Z"},{"message":"src/line/probe.ts(22,22): error TS18046: 'profile' is of type 'unknown'.\nsrc/line/probe.ts(23,17): error TS18046: 'profile' is of type 'unknown'.\nsrc/line/probe.ts(24,18): error TS18046: 'profile' is of type 'unknown'.\n","timestamp":"2026-02-03T00:53:04.426679489Z"},{"message":"src/line/probe.ts(25,21): error TS18046: 'profile' is of type 'unknown'.\n","timestamp":"2026-02-03T00:53:04.42670854Z"},{"message":"src/line/reply-chunks.ts(1,35): error TS2307: Cannot find module '@line/bot-sdk' or its corresponding type declarations.\n","timestamp":"2026-02-03T00:53:04.426738889Z"},{"message":"src/line/rich-menu.ts(1,30): error TS2307: Cannot find module '@line/bot-sdk' or its corresponding type declarations.\n","timestamp":"2026-02-03T00:53:04.426813248Z"},{"message":"src/line/send.ts(1,30): error TS2307: Cannot find module '@line/bot-sdk' or its corresponding type declarations.\nsrc/line/send.ts(251,13): error TS7006: Parameter 'err' implicitly has an 'any' type.\n","timestamp":"2026-02-03T00:53:04.426872896Z"},{"message":"src/line/send.ts(407,13): error TS7006: Parameter 'err' implicitly has an 'any' type.\nsrc/line/template-messages.ts(1,35): error TS2307: Cannot find module '@line/bot-sdk' or its corresponding type declarations.\n","timestamp":"2026-02-03T00:53:04.426887245Z"},{"message":"src/line/types.ts(9,8): error TS2307: Cannot find module '@line/bot-sdk' or its corresponding type declarations.\nsrc/line/webhook.ts(1,54): error TS7016: Could not find a declaration file for module 'express'. '/app/node_modules/.pnpm/express@5.2.1/node_modules/express/index.js' implicitly has an 'any' type.\n  Try `npm i --save-dev @types/express` if it exists or add a new declaration (.d.ts) file containing `declare module 'express';`\nsrc/line/webhook.ts(2,41): error TS2307: Cannot find module '@line/bot-sdk' or its corresponding type declarations.\nsrc/logging/config.ts(3,19): error TS2307: Cannot find module 'json5' or its corresponding type declarations.\n","timestamp":"2026-02-03T00:53:04.42695853Z"},{"message":"src/macos/gateway-daemon.ts(39,30): error TS2307: Cannot find module 'long' or its corresponding type declarations.\nsrc/macos/relay.ts(19,28): error TS2307: Cannot find module 'long' or its corresponding type declarations.\n","timestamp":"2026-02-03T00:53:04.426963677Z"},{"message":"src/markdown/frontmatter.ts(1,18): error TS2307: Cannot find module 'yaml' or its corresponding type declarations.\n","timestamp":"2026-02-03T00:53:04.427003682Z"},{"message":"src/markdown/ir.ts(1,24): error TS2307: Cannot find module 'markdown-it' or its corresponding type declarations.\n","timestamp":"2026-02-03T00:53:04.427009887Z"},{"message":"src/media-understanding/providers/image.ts(3,10): error TS2305: Module '\"@mariozechner/pi-coding-agent\"' has no exported member 'discoverAuthStorage'.\nsrc/media-understanding/providers/image.ts(3,31): error TS2305: Module '\"@mariozechner/pi-coding-agent\"' has no exported member 'discoverModels'.\n","timestamp":"2026-02-03T00:53:04.427056257Z"},{"message":"src/media/input-files.ts(7,33): error TS2307: Cannot find module 'undici' or its corresponding type declarations.\n","timestamp":"2026-02-03T00:53:04.427098785Z"},{"message":"src/media/mime.ts(3,36): error TS2307: Cannot find module 'file-type' or its corresponding type declarations.\n","timestamp":"2026-02-03T00:53:04.427107615Z"},{"message":"src/media/server.ts(3,39): error TS7016: Could not find a declaration file for module 'express'. '/app/node_modules/.pnpm/express@5.2.1/node_modules/express/index.js' implicitly has an 'any' type.\n  Try `npm i --save-dev @types/express` if it exists or add a new declaration (.d.ts) file containing `declare module 'express';`\n","timestamp":"2026-02-03T00:53:04.427113295Z"},{"message":"src/media/server.ts(29,32): error TS7006: Parameter 'req' implicitly has an 'any' type.\nsrc/media/server.ts(29,37): error TS7006: Parameter 'res' implicitly has an 'any' type.\nsrc/media/server.ts(93,27): error TS7006: Parameter 'err' implicitly has an 'any' type.\nsrc/memory/sqlite-vec.ts(8,36): error TS2307: Cannot find module 'sqlite-vec' or its corresponding type declarations.\n","timestamp":"2026-02-03T00:53:04.427164363Z"},{"message":"src/neo/registry/index.ts(1,44): error TS2307: Cannot find module 'kubo-rpc-client' or its corresponding type declarations.\nsrc/neo/registry/index.ts(4,22): error TS2307: Cannot find module 'glob' or its corresponding type declarations.\n","timestamp":"2026-02-03T00:53:04.427174867Z"},{"message":"src/neo/registry/lighthouse.ts(160,36): error TS2307: Cannot find module 'form-data' or its corresponding type declarations.\nsrc/neo/registry/pinata.ts(26,36): error TS2307: Cannot find module 'form-data' or its corresponding type declarations.\nsrc/plugins/loader.ts(4,28): error TS2307: Cannot find module 'jiti' or its corresponding type declarations.\nsrc/security/audit-extra.ts(4,19): error TS2307: Cannot find module 'json5' or its corresponding type declarations.\nsrc/security/fix.ts(4,19): error TS2307: Cannot find module 'json5' or its corresponding type declarations.\nsrc/telegram/monitor.ts(1,38): error TS2307: Cannot find module '@grammyjs/runner' or its corresponding type declarations.\n","timestamp":"2026-02-03T00:53:04.42725247Z"},{"message":"src/tui/commands.ts(1,35): error TS2307: Cannot find module '@mariozechner/pi-tui' or its corresponding type declarations.\n","timestamp":"2026-02-03T00:53:04.427267088Z"},{"message":"src/tui/commands.ts(55,32): error TS7006: Parameter 'prefix' implicitly has an 'any' type.\nsrc/tui/commands.ts(63,32): error TS7006: Parameter 'prefix' implicitly has an 'any' type.\n","timestamp":"2026-02-03T00:53:04.42727709Z"},{"message":"src/tui/commands.ts(72,32): error TS7006: Parameter 'prefix' implicitly has an 'any' type.\n","timestamp":"2026-02-03T00:53:04.427288067Z"},{"message":"src/tui/commands.ts(81,32): error TS7006: Parameter 'prefix' implicitly has an 'any' type.\n","timestamp":"2026-02-03T00:53:04.427301788Z"},{"message":"src/tui/commands.ts(90,32): error TS7006: Parameter 'prefix' implicitly has an 'any' type.\nsrc/tui/commands.ts(99,32): error TS7006: Parameter 'prefix' implicitly has an 'any' type.\n","timestamp":"2026-02-03T00:53:04.427320037Z"},{"message":"src/tui/commands.ts(108,32): error TS7006: Parameter 'prefix' implicitly has an 'any' type.\nsrc/tui/components/assistant-message.ts(1,45): error TS2307: Cannot find module '@mariozechner/pi-tui' or its corresponding type declarations.\n","timestamp":"2026-02-03T00:53:04.427363175Z"},{"message":"src/tui/components/assistant-message.ts(10,15): error TS7006: Parameter 'line' implicitly has an 'any' type.\n","timestamp":"2026-02-03T00:53:04.427368061Z"},{"message":"src/tui/components/assistant-message.ts(12,10): error TS2339: Property 'addChild' does not exist on type 'AssistantMessageComponent'.\n","timestamp":"2026-02-03T00:53:04.427378819Z"},{"message":"src/tui/components/assistant-message.ts(13,10): error TS2339: Property 'addChild' does not exist on type 'AssistantMessageComponent'.\n","timestamp":"2026-02-03T00:53:04.427383721Z"},{"message":"src/tui/components/chat-log.ts(1,41): error TS2307: Cannot find module '@mariozechner/pi-tui' or its corresponding type declarations.\nsrc/tui/components/chat-log.ts(13,10): error TS2339: Property 'clear' does not exist on type 'ChatLog'.\nsrc/tui/components/chat-log.ts(19,10): error TS2339: Property 'addChild' does not exist on type 'ChatLog'.\n","timestamp":"2026-02-03T00:53:04.427422381Z"},{"message":"src/tui/components/chat-log.ts(20,10): error TS2339: Property 'addChild' does not exist on type 'ChatLog'.\nsrc/tui/components/chat-log.ts(24,10): error TS2339: Property 'addChild' does not exist on type 'ChatLog'.\n","timestamp":"2026-02-03T00:53:04.427444396Z"},{"message":"src/tui/components/chat-log.ts(34,10): error TS2339: Property 'addChild' does not exist on type 'ChatLog'.\nsrc/tui/components/chat-log.ts(56,10): error TS2339: Property 'addChild' does not exist on type 'ChatLog'.\n","timestamp":"2026-02-03T00:53:04.427468833Z"},{"message":"src/tui/components/chat-log.ts(68,10): error TS2339: Property 'addChild' does not exist on type 'ChatLog'.\n","timestamp":"2026-02-03T00:53:04.427475654Z"},{"message":"src/tui/components/custom-editor.ts(8,8): error TS2307: Cannot find module '@mariozechner/pi-tui' or its corresponding type declarations.\n","timestamp":"2026-02-03T00:53:04.427496159Z"},{"message":"src/tui/components/custom-editor.ts(54,64): error TS2339: Property 'isShowingAutocomplete' does not exist on type 'CustomEditor'.\nsrc/tui/components/custom-editor.ts(63,16): error TS2339: Property 'getText' does not exist on type 'CustomEditor'.\n","timestamp":"2026-02-03T00:53:04.427503406Z"},{"message":"src/tui/components/filterable-select-list.ts(8,8): error TS2307: Cannot find module '@mariozechner/pi-tui' or its corresponding type declarations.\n","timestamp":"2026-02-03T00:53:04.427543698Z"},{"message":"src/tui/components/filterable-select-list.ts(9,32): error TS2307: Cannot find module '@mariozechner/pi-tui' or its corresponding type declarations.\n","timestamp":"2026-02-03T00:53:04.427549838Z"},{"message":"src/tui/components/searchable-select-list.ts(10,8): error TS2307: Cannot find module '@mariozechner/pi-tui' or its corresponding type declarations.\nsrc/tui/components/searchable-select-list.ts(172,29): error TS2339: Property 'noMatch' does not exist on type 'SearchableSelectListTheme'.\nsrc/tui/components/searchable-select-list.ts(197,29): error TS2339: Property 'scrollInfo' does not exist on type 'SearchableSelectListTheme'.\nsrc/tui/components/searchable-select-list.ts(225,44): error TS2339: Property 'description' does not exist on type 'SearchableSelectListTheme'.\n","timestamp":"2026-02-03T00:53:04.427598135Z"},{"message":"src/tui/components/searchable-select-list.ts(227,40): error TS2339: Property 'selectedText' does not exist on type 'SearchableSelectListTheme'.\nsrc/tui/components/searchable-select-list.ts(235,36): error TS2339: Property 'selectedText' does not exist on type 'SearchableSelectListTheme'.\n","timestamp":"2026-02-03T00:53:04.427607957Z"},{"message":"src/tui/components/selectors.ts(1,77): error TS2307: Cannot find module '@mariozechner/pi-tui' or its corresponding type declarations.\nsrc/tui/components/tool-execution.ts(1,56): error TS2307: Cannot find module '@mariozechner/pi-tui' or its corresponding type declarations.\n","timestamp":"2026-02-03T00:53:04.427622736Z"},{"message":"src/tui/components/tool-execution.ts(64,31): error TS7006: Parameter 'line' implicitly has an 'any' type.\nsrc/tui/components/tool-execution.ts(68,15): error TS7006: Parameter 'line' implicitly has an 'any' type.\n","timestamp":"2026-02-03T00:53:04.427629851Z"},{"message":"src/tui/components/tool-execution.ts(70,10): error TS2339: Property 'addChild' does not exist on type 'ToolExecutionComponent'.\nsrc/tui/components/tool-execution.ts(71,10): error TS2339: Property 'addChild' does not exist on type 'ToolExecutionComponent'.\n","timestamp":"2026-02-03T00:53:04.427649548Z"},{"message":"src/tui/components/tool-execution.ts(107,23): error TS7006: Parameter 'line' implicitly has an 'any' type.\nsrc/tui/components/user-message.ts(1,45): error TS2307: Cannot find module '@mariozechner/pi-tui' or its corresponding type declarations.\n","timestamp":"2026-02-03T00:53:04.427664149Z"},{"message":"src/tui/components/user-message.ts(10,17): error TS7006: Parameter 'line' implicitly has an 'any' type.\nsrc/tui/components/user-message.ts(11,15): error TS7006: Parameter 'line' implicitly has an 'any' type.\nsrc/tui/components/user-message.ts(13,10): error TS2339: Property 'addChild' does not exist on type 'UserMessageComponent'.\n","timestamp":"2026-02-03T00:53:04.427697339Z"},{"message":"src/tui/components/user-message.ts(14,10): error TS2339: Property 'addChild' does not exist on type 'UserMessageComponent'.\n","timestamp":"2026-02-03T00:53:04.427706972Z"},{"message":"src/tui/theme/theme.ts(6,8): error TS2307: Cannot find module '@mariozechner/pi-tui' or its corresponding type declarations.\nsrc/tui/theme/theme.ts(84,13): error TS7006: Parameter 'text' implicitly has an 'any' type.\nsrc/tui/theme/theme.ts(85,10): error TS7006: Parameter 'text' implicitly has an 'any' type.\n","timestamp":"2026-02-03T00:53:04.427723406Z"},{"message":"src/tui/theme/theme.ts(86,13): error TS7006: Parameter 'text' implicitly has an 'any' type.\n","timestamp":"2026-02-03T00:53:04.427768066Z"},{"message":"src/tui/theme/theme.ts(87,10): error TS7006: Parameter 'text' implicitly has an 'any' type.\nsrc/tui/theme/theme.ts(88,15): error TS7006: Parameter 'text' implicitly has an 'any' type.\nsrc/tui/theme/theme.ts(89,21): error TS7006: Parameter 'text' implicitly has an 'any' type.\nsrc/tui/theme/theme.ts(90,11): error TS7006: Parameter 'text' implicitly has an 'any' type.\nsrc/tui/theme/theme.ts(91,17): error TS7006: Parameter 'text' implicitly has an 'any' type.\nsrc/tui/theme/theme.ts(92,8): error TS7006: Parameter 'text' implicitly has an 'any' type.\n","timestamp":"2026-02-03T00:53:04.427810055Z"},{"message":"src/tui/theme/theme.ts(93,16): error TS7006: Parameter 'text' implicitly has an 'any' type.\nsrc/tui/theme/theme.ts(94,10): error TS7006: Parameter 'text' implicitly has an 'any' type.\nsrc/tui/theme/theme.ts(95,12): error TS7006: Parameter 'text' implicitly has an 'any' type.\nsrc/tui/theme/theme.ts(96,19): error TS7006: Parameter 'text' implicitly has an 'any' type.\nsrc/tui/theme/theme.ts(97,15): error TS7006: Parameter 'text' implicitly has an 'any' type.\n","timestamp":"2026-02-03T00:53:04.427848557Z"},{"message":"src/tui/theme/theme.ts(102,20): error TS7006: Parameter 'text' implicitly has an 'any' type.\n","timestamp":"2026-02-03T00:53:04.427867496Z"},{"message":"src/tui/theme/theme.ts(103,18): error TS7006: Parameter 'text' implicitly has an 'any' type.\nsrc/tui/theme/theme.ts(104,17): error TS7006: Parameter 'text' implicitly has an 'any' type.\n","timestamp":"2026-02-03T00:53:04.427901832Z"},{"message":"src/tui/theme/theme.ts(105,16): error TS7006: Parameter 'text' implicitly has an 'any' type.\nsrc/tui/theme/theme.ts(106,13): error TS7006: Parameter 'text' implicitly has an 'any' type.\nsrc/tui/theme/theme.ts(115,11): error TS7006: Parameter 'text' implicitly has an 'any' type.\n","timestamp":"2026-02-03T00:53:04.427948816Z"},{"message":"src/tui/theme/theme.ts(115,17): error TS7006: Parameter 'selected' implicitly has an 'any' type.\nsrc/tui/theme/theme.ts(117,11): error TS7006: Parameter 'text' implicitly has an 'any' type.\n","timestamp":"2026-02-03T00:53:04.42798228Z"},{"message":"src/tui/theme/theme.ts(117,17): error TS7006: Parameter 'selected' implicitly has an 'any' type.\n","timestamp":"2026-02-03T00:53:04.427992166Z"},{"message":"src/tui/theme/theme.ts(118,17): error TS7006: Parameter 'text' implicitly has an 'any' type.\n","timestamp":"2026-02-03T00:53:04.428012103Z"},{"message":"src/tui/theme/theme.ts(120,10): error TS7006: Parameter 'text' implicitly has an 'any' type.\n","timestamp":"2026-02-03T00:53:04.428020026Z"},{"message":"src/tui/theme/theme.ts(124,17): error TS7006: Parameter 'text' implicitly has an 'any' type.\nsrc/tui/theme/theme.ts(129,3): error TS2353: Object literal may only specify known properties, and 'selectedPrefix' does not exist in type 'SearchableSelectListTheme'.\n","timestamp":"2026-02-03T00:53:04.428054963Z"},{"message":"src/tui/theme/theme.ts(129,20): error TS7006: Parameter 'text' implicitly has an 'any' type.\nsrc/tui/theme/theme.ts(130,18): error TS7006: Parameter 'text' implicitly has an 'any' type.\nsrc/tui/theme/theme.ts(131,17): error TS7006: Parameter 'text' implicitly has an 'any' type.\nsrc/tui/theme/theme.ts(132,16): error TS7006: Parameter 'text' implicitly has an 'any' type.\n","timestamp":"2026-02-03T00:53:04.428108439Z"},{"message":"src/tui/theme/theme.ts(133,13): error TS7006: Parameter 'text' implicitly has an 'any' type.\nsrc/tui/tui-command-handlers.ts(1,37): error TS2307: Cannot find module '@mariozechner/pi-tui' or its corresponding type declarations.\nsrc/tui/tui-event-handlers.ts(1,26): error TS2307: Cannot find module '@mariozechner/pi-tui' or its corresponding type declarations.\n","timestamp":"2026-02-03T00:53:04.428339888Z"},{"message":"src/tui/tui-local-shell.ts(1,44): error TS2307: Cannot find module '@mariozechner/pi-tui' or its corresponding type declarations.\n","timestamp":"2026-02-03T00:53:04.428348725Z"},{"message":"src/tui/tui-local-shell.ts(54,28): error TS7006: Parameter 'item' implicitly has an 'any' type.\nsrc/tui/tui-overlays.ts(1,37): error TS2307: Cannot find module '@mariozechner/pi-tui' or its corresponding type declarations.\n","timestamp":"2026-02-03T00:53:04.428362844Z"},{"message":"src/tui/tui-session-actions.ts(1,26): error TS2307: Cannot find module '@mariozechner/pi-tui' or its corresponding type declarations.\nsrc/tui/tui.ts(8,8): error TS2307: Cannot find module '@mariozechner/pi-tui' or its corresponding type declarations.\n","timestamp":"2026-02-03T00:53:04.428388979Z"},{"message":"src/tui/tui.ts(246,12): error TS2339: Property 'setAutocompleteProvider' does not exist on type 'CustomEditor'.\n","timestamp":"2026-02-03T00:53:04.428393193Z"},{"message":"src/tui/tui.ts(325,8): error TS7006: Parameter 'spinner' implicitly has an 'any' type.\n","timestamp":"2026-02-03T00:53:04.428396568Z"},{"message":"src/tui/tui.ts(326,8): error TS7006: Parameter 'text' implicitly has an 'any' type.\nsrc/tui/tui.ts(529,10): error TS2339: Property 'onSubmit' does not exist on type 'CustomEditor'.\n","timestamp":"2026-02-03T00:53:04.428422547Z"},{"message":"src/tui/tui.ts(530,5): error TS2739: Type 'CustomEditor' is missing the following properties from type '{ setText: (value: string) => void; addToHistory: (value: string) => void; }': setText, addToHistory\nsrc/tui/tui.ts(541,16): error TS2339: Property 'getText' does not exist on type 'CustomEditor'.\n","timestamp":"2026-02-03T00:53:04.428433793Z"},{"message":"src/tui/tui.ts(542,14): error TS2339: Property 'setText' does not exist on type 'CustomEditor'.\nsrc/web/session.ts(10,20): error TS2307: Cannot find module 'qrcode-terminal' or its corresponding type declarations.\n","timestamp":"2026-02-03T00:53:04.428452787Z"},{"message":"src/wizard/clack-prompter.ts(67,11): error TS2322: Type '((value: string) => string | undefined) | undefined' is not assignable to type '((value: string | undefined) => string | Error | undefined) | undefined'.\n  Type '(value: string) => string | undefined' is not assignable to type '(value: string | undefined) => string | Error | undefined'.\n    Types of parameters 'value' and 'value' are incompatible.\n      Type 'string | undefined' is not assignable to type 'string'.\n        Type 'undefined' is not assignable to type 'string'.\n","timestamp":"2026-02-03T00:53:04.428492197Z"},{"message":"[copy-hook-metadata] Copied boot-md/HOOK.md\n","timestamp":"2026-02-03T00:53:04.77221153Z"},{"message":"[copy-hook-metadata] Copied command-logger/HOOK.md\n","timestamp":"2026-02-03T00:53:04.772583211Z"},{"message":"[copy-hook-metadata] Copied session-memory/HOOK.md\n","timestamp":"2026-02-03T00:53:04.772718706Z"},{"message":"[copy-hook-metadata] Copied soul-evil/HOOK.md\n[copy-hook-metadata] Done\n","timestamp":"2026-02-03T00:53:04.772854539Z"},{"message":"[11/11] RUN pnpm build","timestamp":"2026-02-03T00:53:05.792332862Z"},{"message":"exporting to docker image format","timestamp":"2026-02-03T00:53:05.796695302Z"},{"message":"exporting to image","timestamp":"2026-02-03T00:53:05.796728832Z"},{"message":"[auth] sharing credentials for production-us-east4-eqdc4a.railway-registry.com","timestamp":"2026-02-03T00:53:29.764033710Z"},{"message":"[auth] sharing credentials for production-us-east4-eqdc4a.railway-registry.com","timestamp":"2026-02-03T00:53:29.764102265Z"},{"message":"importing to docker","timestamp":"2026-02-03T00:53:30.281439220Z"},{"message":"importing to docker","timestamp":"2026-02-03T00:53:56.851048588Z"},{"message":"\u001b[92mBuild time: 119.03 seconds\u001b[0m","timestamp":"2026-02-03T00:53:56.954041955Z"},{"message":"","timestamp":"2026-02-03T00:54:23.463976292Z"},{"message":"\u001b[35m====================\nStarting Healthcheck\n====================\n\u001b[0m","timestamp":"2026-02-03T00:54:23.464054149Z"},{"message":"\u001b[37mPath: /health\u001b[0m","timestamp":"2026-02-03T00:54:23.464056242Z"},{"message":"\u001b[37mRetry window: 1m0s\u001b[0m","timestamp":"2026-02-03T00:54:23.464057635Z"},{"message":"","timestamp":"2026-02-03T00:54:23.464058531Z"},{"message":"\u001b[93mAttempt #1 failed with service unavailable. Continuing to retry for 49s\u001b[0m","timestamp":"2026-02-03T00:54:33.570946096Z"},{"message":"\u001b[93mAttempt #2 failed with service unavailable. Continuing to retry for 38s\u001b[0m","timestamp":"2026-02-03T00:54:44.643252377Z"},{"message":"\u001b[93mAttempt #3 failed with service unavailable. Continuing to retry for 26s\u001b[0m","timestamp":"2026-02-03T00:54:56.716722577Z"},{"message":"\u001b[93mAttempt #4 failed with service unavailable. Continuing to retry for 22s\u001b[0m","timestamp":"2026-02-03T00:55:00.789908533Z"},{"message":"\u001b[93mAttempt #5 failed with service unavailable. Continuing to retry for 14s\u001b[0m","timestamp":"2026-02-03T00:55:08.874498908Z"},{"message":"","timestamp":"2026-02-03T00:55:08.947935785Z"},{"message":"\u001b[91m1/1 replicas never became healthy!\u001b[0m","timestamp":"2026-02-03T00:55:08.947996097Z"},{"message":"\u001b[91mHealthcheck failed!\u001b[0m","timestamp":"2026-02-03T00:55:08.947997896Z"}]